#
# A fatal error has been detected by the Java Runtime Environment:
#
#  SIGSEGV (0xb) at pc=0x00000001169363bf, pid=45497, tid=0x0000000000013b07
#
# JRE version: Java(TM) SE Runtime Environment (8.0_131-b11) (build 1.8.0_131-b11)
# Java VM: Java HotSpot(TM) 64-Bit Server VM (25.131-b11 mixed mode bsd-amd64 compressed oops)
# Problematic frame:
# C  [libawt_lwawt.dylib+0x1c3bf]  OGLSD_SetScratchSurface+0x49
#
# Failed to write core dump. Core dumps have been disabled. To enable core dumping, try "ulimit -c unlimited" before starting Java again
#
# If you would like to submit a bug report, please visit:
#   http://bugreport.java.com/bugreport/crash.jsp
# The crash happened outside the Java Virtual Machine in native code.
# See problematic frame for where to report the bug.
#

---------------  T H R E A D  ---------------

Current thread (0x00007f839619f800):  JavaThread "Java2D Queue Flusher" daemon [_thread_in_native, id=80647, stack(0x0000700005342000,0x0000700005442000)]

siginfo: si_signo: 11 (SIGSEGV), si_code: 0 (unknown), si_addr: 0x0000000000000000

Registers:
RAX=0x00000000ffffffff, RBX=0xb00007f83954e869, RCX=0x0000000000000047, RDX=0x0000000116957258
RSP=0x0000700005441810, RBP=0x0000700005441830, RSI=0x00007f839b657c60, RDI=0x00007f839619f9f8
R8 =0x00000000f2f661ca, R9 =0x0000000000000000, R10=0x000000011992bff8, R11=0x0000000000000020
R12=0x0000000000000000, R13=0x0000000797b30f10, R14=0x00007f839619f9f8, R15=0x00007f839619f800
RIP=0x00000001169363bf, EFLAGS=0x0000000000010286, ERR=0x0000000000000000
  TRAPNO=0x000000000000000d

Top of Stack: (sp=0x0000700005441810)
0x0000700005441810:   00007f839b657c60 0000000000000000
0x0000700005441820:   00007f83961bf810 00007f839619f800
0x0000700005441830:   00007000054418b0 0000000116956d36
0x0000700005441840:   0000000000000064 00007f8395487cc8
0x0000700005441850:   00007000054418b0 000000010d750094
0x0000700005441860:   0000000000000005 00007f839619f800
0x0000700005441870:   0000000797b30f01 00007f83961bf820
0x0000700005441880:   0000700000441800 00007f839619f9f8
0x0000700005441890:   0000000000000000 0000000000000000
0x00007000054418a0:   0000700005441908 00007f839619f800
0x00007000054418b0:   0000700005441900 000000011992c06a
0x00007000054418c0:   0000000797b30e38 0000700005441908
0x00007000054418d0:   00000001a858bb28 0000000000000000
0x00007000054418e0:   00000001a858bab8 0000000000000000
0x00007000054418f0:   0000700005441910 0000000000000000
0x0000700005441900:   00000000f2f661c7 0000000119c6eff4
0x0000700005441910:   0000000797b30e38 0000000000000000
0x0000700005441920:   0000000797b30f10 0000000700000000
0x0000700005441930:   0000000797b30f10 00007000054419d0
0x0000700005441940:   0000000000000001 0000000000000000
0x0000700005441950:   00007000054419d0 00000001193c37a7
0x0000700005441960:   0000000797611440 0000000797611440
0x0000700005441970:   0000700000001fa0 000000000000000a
0x0000700005441980:   00007f839619f800 0000000000000001
0x0000700005441990:   00000001193c371f 00000001138526b0
0x00007000054419a0:   0000700005441a68 0000700005441d00
0x00007000054419b0:   000000010000000a 00000001138526b0
0x00007000054419c0:   00000001193d6120 0000700005441c70
0x00007000054419d0:   0000700005441b80 000000010d6ee5b6
0x00007000054419e0:   0000700000000001 00007f839619f800
0x00007000054419f0:   00007f839619f800 0000700005441d00
0x0000700005441a00:   00007f8395487cc0 00000001193d6120 

Instructions: (pc=0x00000001169363bf)
0x000000011693639f:   c0 e9 82 00 00 00 48 8b 5e 10 48 85 db 75 0e bf
0x00000001169363af:   01 00 00 00 48 8d 15 07 7c 03 00 eb d6 49 89 fe
0x00000001169363bf:   4c 8b 3b 30 c0 e8 c1 a6 02 00 49 8b 3f 49 89 c4
0x00000001169363cf:   48 8b 35 4a 03 06 00 30 c0 e8 0f a8 02 00 48 85 

Register to memory mapping:

RAX=0x00000000ffffffff is an unknown value
RBX=0xb00007f83954e869 is an unknown value
RCX=0x0000000000000047 is an unknown value
RDX=0x0000000116957258: Java_sun_java2d_opengl_OGLRenderQueue_flushBuffer+0xb5c in /Library/Java/JavaVirtualMachines/jdk1.8.0_131.jdk/Contents/Home/jre/lib/libawt_lwawt.dylib at 0x000000011691a000
RSP=0x0000700005441810 is pointing into the stack for thread: 0x00007f839619f800
RBP=0x0000700005441830 is pointing into the stack for thread: 0x00007f839619f800
RSI=0x00007f839b657c60 is an unknown value
RDI=0x00007f839619f9f8 is an unknown value
R8 =0x00000000f2f661ca is an unknown value
R9 =0x0000000000000000 is an unknown value
R10=0x000000011992bff8 is at entry_point+56 in (nmethod*)0x000000011992be50
R11=0x0000000000000020 is an unknown value
R12=0x0000000000000000 is an unknown value
R13=0x0000000797b30f10 is an oop
sun.java2d.opengl.OGLRenderQueue$QueueFlusher 
 - klass: 'sun/java2d/opengl/OGLRenderQueue$QueueFlusher'
R14=0x00007f839619f9f8 is an unknown value
R15=0x00007f839619f800 is a thread


Stack: [0x0000700005342000,0x0000700005442000],  sp=0x0000700005441810,  free space=1022k
Native frames: (J=compiled Java code, j=interpreted, Vv=VM code, C=native code)
C  [libawt_lwawt.dylib+0x1c3bf]  OGLSD_SetScratchSurface+0x49
C  [libawt_lwawt.dylib+0x3cd36]  Java_sun_java2d_opengl_OGLRenderQueue_flushBuffer+0x63a
J 1842  sun.java2d.opengl.OGLRenderQueue.flushBuffer(JI)V (0 bytes) @ 0x000000011992c06a [0x000000011992bfc0+0xaa]
J 2766% C2 sun.java2d.opengl.OGLRenderQueue$QueueFlusher.run()V (234 bytes) @ 0x0000000119c6eff4 [0x0000000119c6ed00+0x2f4]
v  ~StubRoutines::call_stub
V  [libjvm.dylib+0x2ee5b6]
V  [libjvm.dylib+0x2eed5a]
V  [libjvm.dylib+0x2eef06]
V  [libjvm.dylib+0x34965d]
V  [libjvm.dylib+0x56b87f]
V  [libjvm.dylib+0x56cf6c]
V  [libjvm.dylib+0x48b376]
C  [libsystem_pthread.dylib+0x3661]  _pthread_body+0x154
C  [libsystem_pthread.dylib+0x350d]  _pthread_body+0x0
C  [libsystem_pthread.dylib+0x2bf9]  thread_start+0xd
C  0x0000000000000000

Java frames: (J=compiled Java code, j=interpreted, Vv=VM code)
J 1842  sun.java2d.opengl.OGLRenderQueue.flushBuffer(JI)V (0 bytes) @ 0x000000011992bff8 [0x000000011992bfc0+0x38]
J 2766% C2 sun.java2d.opengl.OGLRenderQueue$QueueFlusher.run()V (234 bytes) @ 0x0000000119c6eff4 [0x0000000119c6ed00+0x2f4]
v  ~StubRoutines::call_stub

---------------  P R O C E S S  ---------------

Java Threads: ( => current thread )
  0x00007f8396b20000 JavaThread "Thread-5" daemon [_thread_blocked, id=51975, stack(0x0000700005c60000,0x0000700005d60000)]
  0x00007f8396b0c000 JavaThread "DestroyJavaVM" [_thread_blocked, id=6147, stack(0x0000700004189000,0x0000700004289000)]
  0x00007f839643b000 JavaThread "TimerQueue" daemon [_thread_blocked, id=72475, stack(0x0000700005957000,0x0000700005a57000)]
  0x00007f8396200800 JavaThread "Timer-0" daemon [_thread_blocked, id=52551, stack(0x0000700005854000,0x0000700005954000)]
  0x00007f8395abd000 JavaThread "AWT-EventQueue-0" [_thread_blocked, id=54535, stack(0x00007000055cb000,0x00007000056cb000)]
  0x00007f8395bee000 JavaThread "AWT-Shutdown" [_thread_blocked, id=53187, stack(0x0000700005036000,0x0000700005136000)]
  0x00007f8395a0f800 JavaThread "Thread-0" daemon [_thread_blocked, id=73219, stack(0x0000700005751000,0x0000700005851000)]
  0x00007f83961f5000 JavaThread "Java2D Disposer" daemon [_thread_blocked, id=49679, stack(0x0000700005445000,0x0000700005545000)]
=>0x00007f839619f800 JavaThread "Java2D Queue Flusher" daemon [_thread_in_native, id=80647, stack(0x0000700005342000,0x0000700005442000)]
  0x00007f8395912000 JavaThread "AppKit Thread" daemon [_thread_in_native, id=775, stack(0x00007ffee2870000,0x00007ffee3070000)]
  0x00007f8396805000 JavaThread "Service Thread" daemon [_thread_blocked, id=17411, stack(0x0000700004e30000,0x0000700004f30000)]
  0x00007f839700d000 JavaThread "C1 CompilerThread2" daemon [_thread_blocked, id=17923, stack(0x0000700004d2d000,0x0000700004e2d000)]
  0x00007f839700c800 JavaThread "C2 CompilerThread1" daemon [_thread_blocked, id=14083, stack(0x0000700004c2a000,0x0000700004d2a000)]
  0x00007f8396060800 JavaThread "C2 CompilerThread0" daemon [_thread_blocked, id=18691, stack(0x0000700004b27000,0x0000700004c27000)]
  0x00007f8395811800 JavaThread "Signal Dispatcher" daemon [_thread_blocked, id=18955, stack(0x0000700004a24000,0x0000700004b24000)]
  0x00007f8395828800 JavaThread "Finalizer" daemon [_thread_blocked, id=12035, stack(0x000070000489e000,0x000070000499e000)]
  0x00007f8397006000 JavaThread "Reference Handler" daemon [_thread_blocked, id=11779, stack(0x000070000479b000,0x000070000489b000)]

Other Threads:
  0x00007f839600a800 VMThread [stack: 0x0000700004698000,0x0000700004798000] [id=21251]
  0x00007f839580b800 WatcherThread [stack: 0x0000700004f33000,0x0000700005033000] [id=16899]

VM state:not at safepoint (normal execution)

VM Mutex/Monitor currently owned by a thread: None

Heap:
 PSYoungGen      total 38400K, used 6326K [0x0000000795580000, 0x0000000798000000, 0x00000007c0000000)
  eden space 33280K, 3% used [0x0000000795580000,0x00000007956b1f68,0x0000000797600000)
  from space 5120K, 99% used [0x0000000797b00000,0x0000000797ffbc30,0x0000000798000000)
  to   space 5120K, 0% used [0x0000000797600000,0x0000000797600000,0x0000000797b00000)
 ParOldGen       total 87552K, used 10543K [0x0000000740000000, 0x0000000745580000, 0x0000000795580000)
  object space 87552K, 12% used [0x0000000740000000,0x0000000740a4be68,0x0000000745580000)
 Metaspace       used 17891K, capacity 18270K, committed 18560K, reserved 1064960K
  class space    used 2282K, capacity 2388K, committed 2432K, reserved 1048576K

Card table byte_map: [0x000000010e7f7000,0x000000010ebf8000] byte_map_base: 0x000000010adf7000

Marking Bits: (ParMarkBitMap*) 0x000000010dcf1ea0
 Begin Bits: [0x000000010eea3000, 0x0000000110ea3000)
 End Bits:   [0x0000000110ea3000, 0x0000000112ea3000)

Polling page: 0x000000010cbfb000

CodeCache: size=245760Kb used=9431Kb max_used=9463Kb free=236328Kb
 bounds [0x00000001193c3000, 0x0000000119d13000, 0x00000001283c3000]
 total_blobs=3291 nmethods=2687 adapters=515
 compilation: enabled

Compilation events (10 events):
Event: 248249.453 Thread 0x00007f839700d000 3107   !   3       java.io.BufferedWriter::write (117 bytes)
Event: 248249.455 Thread 0x00007f839700d000 nmethod 3107 0x0000000119cefe90 code [0x0000000119cf0060, 0x0000000119cf07e8]
Event: 248249.455 Thread 0x00007f839700d000 3106       3       java.io.Writer::write (11 bytes)
Event: 248249.456 Thread 0x00007f839700d000 nmethod 3106 0x0000000119cfa150 code [0x0000000119cfa2c0, 0x0000000119cfa5c8]
Event: 248249.456 Thread 0x00007f839700d000 3108       3       java.io.BufferedWriter::min (9 bytes)
Event: 248249.456 Thread 0x00007f839700d000 nmethod 3108 0x0000000119cefa50 code [0x0000000119cefbc0, 0x0000000119cefd50]
Event: 248249.457 Thread 0x00007f8396060800 3109       4       java.lang.StringBuilder::append (8 bytes)
Event: 248249.459 Thread 0x00007f839700d000 3110       3       java.lang.ref.PhantomReference::<init> (7 bytes)
Event: 248249.636 Thread 0x00007f8396060800 nmethod 3109 0x0000000119cf6a50 code [0x0000000119cf6bc0, 0x0000000119cf6f58]
Event: 248249.637 Thread 0x00007f839700d000 nmethod 3110 0x0000000119cf9c50 code [0x0000000119cf9dc0, 0x0000000119cfa070]

GC Heap History (8 events):
Event: 160.182 GC heap before
{Heap before GC invocations=1 (full 0):
 PSYoungGen      total 38400K, used 33280K [0x0000000795580000, 0x0000000798000000, 0x00000007c0000000)
  eden space 33280K, 100% used [0x0000000795580000,0x0000000797600000,0x0000000797600000)
  from space 5120K, 0% used [0x0000000797b00000,0x0000000797b00000,0x0000000798000000)
  to   space 5120K, 0% used [0x0000000797600000,0x0000000797600000,0x0000000797b00000)
 ParOldGen       total 87552K, used 0K [0x0000000740000000, 0x0000000745580000, 0x0000000795580000)
  object space 87552K, 0% used [0x0000000740000000,0x0000000740000000,0x0000000745580000)
 Metaspace       used 16315K, capacity 16624K, committed 16896K, reserved 1064960K
  class space    used 2141K, capacity 2249K, committed 2304K, reserved 1048576K
Event: 160.217 GC heap after
Heap after GC invocations=1 (full 0):
 PSYoungGen      total 38400K, used 5098K [0x0000000795580000, 0x0000000798000000, 0x00000007c0000000)
  eden space 33280K, 0% used [0x0000000795580000,0x0000000795580000,0x0000000797600000)
  from space 5120K, 99% used [0x0000000797600000,0x0000000797afaac0,0x0000000797b00000)
  to   space 5120K, 0% used [0x0000000797b00000,0x0000000797b00000,0x0000000798000000)
 ParOldGen       total 87552K, used 9866K [0x0000000740000000, 0x0000000745580000, 0x0000000795580000)
  object space 87552K, 11% used [0x0000000740000000,0x00000007409a2bf8,0x0000000745580000)
 Metaspace       used 16315K, capacity 16624K, committed 16896K, reserved 1064960K
  class space    used 2141K, capacity 2249K, committed 2304K, reserved 1048576K
}
Event: 1639.490 GC heap before
{Heap before GC invocations=2 (full 0):
 PSYoungGen      total 38400K, used 37552K [0x0000000795580000, 0x0000000798000000, 0x00000007c0000000)
  eden space 33280K, 97% used [0x0000000795580000,0x0000000797531668,0x0000000797600000)
  from space 5120K, 99% used [0x0000000797600000,0x0000000797afaac0,0x0000000797b00000)
  to   space 5120K, 0% used [0x0000000797b00000,0x0000000797b00000,0x0000000798000000)
 ParOldGen       total 87552K, used 9866K [0x0000000740000000, 0x0000000745580000, 0x0000000795580000)
  object space 87552K, 11% used [0x0000000740000000,0x00000007409a2bf8,0x0000000745580000)
 Metaspace       used 17074K, capacity 17418K, committed 17792K, reserved 1064960K
  class space    used 2192K, capacity 2320K, committed 2432K, reserved 1048576K
Event: 1639.546 GC heap after
Heap after GC invocations=2 (full 0):
 PSYoungGen      total 38400K, used 5103K [0x0000000795580000, 0x0000000798000000, 0x00000007c0000000)
  eden space 33280K, 0% used [0x0000000795580000,0x0000000795580000,0x0000000797600000)
  from space 5120K, 99% used [0x0000000797b00000,0x0000000797ffbc10,0x0000000798000000)
  to   space 5120K, 0% used [0x0000000797600000,0x0000000797600000,0x0000000797b00000)
 ParOldGen       total 87552K, used 9962K [0x0000000740000000, 0x0000000745580000, 0x0000000795580000)
  object space 87552K, 11% used [0x0000000740000000,0x00000007409babf8,0x0000000745580000)
 Metaspace       used 17074K, capacity 17418K, committed 17792K, reserved 1064960K
  class space    used 2192K, capacity 2320K, committed 2432K, reserved 1048576K
}
Event: 2165.420 GC heap before
{Heap before GC invocations=3 (full 0):
 PSYoungGen      total 38400K, used 38383K [0x0000000795580000, 0x0000000798000000, 0x00000007c0000000)
  eden space 33280K, 100% used [0x0000000795580000,0x0000000797600000,0x0000000797600000)
  from space 5120K, 99% used [0x0000000797b00000,0x0000000797ffbc10,0x0000000798000000)
  to   space 5120K, 0% used [0x0000000797600000,0x0000000797600000,0x0000000797b00000)
 ParOldGen       total 87552K, used 9962K [0x0000000740000000, 0x0000000745580000, 0x0000000795580000)
  object space 87552K, 11% used [0x0000000740000000,0x00000007409babf8,0x0000000745580000)
 Metaspace       used 17297K, capacity 17610K, committed 18048K, reserved 1064960K
  class space    used 2208K, capacity 2320K, committed 2432K, reserved 1048576K
Event: 2165.427 GC heap after
Heap after GC invocations=3 (full 0):
 PSYoungGen      total 38400K, used 5103K [0x0000000795580000, 0x0000000798000000, 0x00000007c0000000)
  eden space 33280K, 0% used [0x0000000795580000,0x0000000795580000,0x0000000797600000)
  from space 5120K, 99% used [0x0000000797600000,0x0000000797afbc10,0x0000000797b00000)
  to   space 5120K, 0% used [0x0000000797b00000,0x0000000797b00000,0x0000000798000000)
 ParOldGen       total 87552K, used 10194K [0x0000000740000000, 0x0000000745580000, 0x0000000795580000)
  object space 87552K, 11% used [0x0000000740000000,0x00000007409f48a0,0x0000000745580000)
 Metaspace       used 17297K, capacity 17610K, committed 18048K, reserved 1064960K
  class space    used 2208K, capacity 2320K, committed 2432K, reserved 1048576K
}
Event: 248249.460 GC heap before
{Heap before GC invocations=4 (full 0):
 PSYoungGen      total 38400K, used 38383K [0x0000000795580000, 0x0000000798000000, 0x00000007c0000000)
  eden space 33280K, 100% used [0x0000000795580000,0x0000000797600000,0x0000000797600000)
  from space 5120K, 99% used [0x0000000797600000,0x0000000797afbc10,0x0000000797b00000)
  to   space 5120K, 0% used [0x0000000797b00000,0x0000000797b00000,0x0000000798000000)
 ParOldGen       total 87552K, used 10194K [0x0000000740000000, 0x0000000745580000, 0x0000000795580000)
  object space 87552K, 11% used [0x0000000740000000,0x00000007409f48a0,0x0000000745580000)
 Metaspace       used 17889K, capacity 18206K, committed 18560K, reserved 1064960K
  class space    used 2281K, capacity 2388K, committed 2432K, reserved 1048576K
Event: 248249.636 GC heap after
Heap after GC invocations=4 (full 0):
 PSYoungGen      total 38400K, used 5103K [0x0000000795580000, 0x0000000798000000, 0x00000007c0000000)
  eden space 33280K, 0% used [0x0000000795580000,0x0000000795580000,0x0000000797600000)
  from space 5120K, 99% used [0x0000000797b00000,0x0000000797ffbc30,0x0000000798000000)
  to   space 5120K, 0% used [0x0000000797600000,0x0000000797600000,0x0000000797b00000)
 ParOldGen       total 87552K, used 10543K [0x0000000740000000, 0x0000000745580000, 0x0000000795580000)
  object space 87552K, 12% used [0x0000000740000000,0x0000000740a4be68,0x0000000745580000)
 Metaspace       used 17889K, capacity 18206K, committed 18560K, reserved 1064960K
  class space    used 2281K, capacity 2388K, committed 2432K, reserved 1048576K
}

Deoptimization events (10 events):
Event: 248242.826 Thread 0x00007f8395abd000 Uncommon trap: reason=unstable_if action=reinterpret pc=0x0000000119abee8c method=sun.java2d.SurfaceData.validatePipe(Lsun/java2d/SunGraphics2D;)V @ 420
Event: 248242.858 Thread 0x00007f8395abd000 Uncommon trap: reason=unstable_if action=reinterpret pc=0x00000001196ca648 method=java.awt.geom.AffineTransform.updateState()V @ 6
Event: 248242.858 Thread 0x00007f8395abd000 Uncommon trap: reason=unstable_if action=reinterpret pc=0x0000000119aebb78 method=sun.java2d.SunGraphics2D.invalidateTransform()V @ 125
Event: 248242.915 Thread 0x00007f8395abd000 Uncommon trap: reason=unstable_if action=reinterpret pc=0x000000011955b3d4 method=java.awt.geom.Path2D$Float.needRoom(ZI)V @ 56
Event: 248247.722 Thread 0x00007f8395abd000 Uncommon trap: reason=speculate_class_check action=maybe_recompile pc=0x0000000119b6960c method=java.awt.Container.findComponentAt(IIZ)Ljava/awt/Component; @ 9
Event: 248247.735 Thread 0x00007f8395abd000 Uncommon trap: reason=speculate_class_check action=maybe_recompile pc=0x0000000119b6960c method=java.awt.Container.findComponentAt(IIZ)Ljava/awt/Component; @ 9
Event: 248247.747 Thread 0x00007f8395abd000 Uncommon trap: reason=speculate_class_check action=maybe_recompile pc=0x0000000119b6960c method=java.awt.Container.findComponentAt(IIZ)Ljava/awt/Component; @ 9
Event: 248247.758 Thread 0x00007f8395abd000 Uncommon trap: reason=speculate_class_check action=maybe_recompile pc=0x0000000119b6960c method=java.awt.Container.findComponentAt(IIZ)Ljava/awt/Component; @ 9
Event: 248248.413 Thread 0x00007f8395abd000 Uncommon trap: reason=unstable_if action=reinterpret pc=0x0000000119bcb94c method=sun.java2d.pipe.Region.isInsideQuickCheck(Lsun/java2d/pipe/Region;)Z @ 48
Event: 248248.413 Thread 0x00007f8395abd000 Uncommon trap: reason=unstable_if action=reinterpret pc=0x00000001198b4fe8 method=sun.java2d.pipe.Region.isInsideQuickCheck(Lsun/java2d/pipe/Region;)Z @ 48

Internal exceptions (10 events):
Event: 2.394 Thread 0x00007f839600c800 Exception <a 'java/lang/ClassNotFoundException': Tree> (0x0000000795d4a7a8) thrown at [/Users/java_re/workspace/8-2-build-macosx-x86_64/jdk8u131/8869/hotspot/src/share/vm/classfile/systemDictionary.cpp, line 210]
Event: 2.394 Thread 0x00007f839600c800 Exception <a 'java/lang/ClassNotFoundException': javax/swing/JTreeCell> (0x0000000795d4ab28) thrown at [/Users/java_re/workspace/8-2-build-macosx-x86_64/jdk8u131/8869/hotspot/src/share/vm/classfile/systemDictionary.cpp, line 210]
Event: 2.394 Thread 0x00007f839600c800 Exception <a 'java/lang/ClassNotFoundException': TreeCell> (0x0000000795d4afb0) thrown at [/Users/java_re/workspace/8-2-build-macosx-x86_64/jdk8u131/8869/hotspot/src/share/vm/classfile/systemDictionary.cpp, line 210]
Event: 2.395 Thread 0x00007f839600c800 Exception <a 'java/lang/ClassNotFoundException': RootPane> (0x0000000795d4ba10) thrown at [/Users/java_re/workspace/8-2-build-macosx-x86_64/jdk8u131/8869/hotspot/src/share/vm/classfile/systemDictionary.cpp, line 210]
Event: 2.422 Thread 0x00007f839600c800 Exception <a 'java/lang/NoClassDefFoundError': org/python/core/PyException> (0x0000000795da5748) thrown at [/Users/java_re/workspace/8-2-build-macosx-x86_64/jdk8u131/8869/hotspot/src/share/vm/classfile/systemDictionary.cpp, line 199]
Event: 173.634 Thread 0x00007f8396b20000 Implicit null exception at 0x000000011992b442 to 0x000000011992b5c1
Event: 22894.184 Thread 0x00007f8396203000 Exception <a 'sun/net/ConnectionResetException': Connection reset> (0x000000079567dc20) thrown at [/Users/java_re/workspace/8-2-build-macosx-x86_64/jdk8u131/8869/hotspot/src/share/vm/prims/jni.cpp, line 735]
Event: 51538.652 Thread 0x00007f8395abd000 Implicit null exception at 0x0000000119af0cad to 0x0000000119af2e71
Event: 192424.660 Thread 0x00007f8395912000 Implicit null exception at 0x0000000119c0e1a9 to 0x0000000119c0ef49
Event: 192562.949 Thread 0x00007f8395912000 Implicit null exception at 0x0000000119b5090c to 0x0000000119b50a5d

Events (10 events):
Event: 248249.670 Executing VM operation: RevokeBias
Event: 248249.671 Executing VM operation: RevokeBias done
Event: 248249.671 Executing VM operation: RevokeBias
Event: 248249.671 Executing VM operation: RevokeBias done
Event: 248249.671 Executing VM operation: RevokeBias
Event: 248249.671 Executing VM operation: RevokeBias done
Event: 248249.671 Executing VM operation: RevokeBias
Event: 248249.671 Executing VM operation: RevokeBias done
Event: 248249.671 Executing VM operation: RevokeBias
Event: 248249.671 Executing VM operation: RevokeBias done


Dynamic libraries:
0x0000000010e48000 	/System/Library/Frameworks/Cocoa.framework/Versions/A/Cocoa
0x0000000010e48000 	/System/Library/Frameworks/Security.framework/Versions/A/Security
0x0000000010e48000 	/System/Library/Frameworks/ApplicationServices.framework/Versions/A/ApplicationServices
0x0000000010e48000 	/usr/lib/libz.1.dylib
0x0000000010e48000 	/usr/lib/libSystem.B.dylib
0x0000000010e48000 	/usr/lib/libobjc.A.dylib
0x0000000010e48000 	/System/Library/Frameworks/CoreFoundation.framework/Versions/A/CoreFoundation
0x0000000010e48000 	/System/Library/Frameworks/Foundation.framework/Versions/C/Foundation
0x0000000010e48000 	/System/Library/Frameworks/AppKit.framework/Versions/C/AppKit
0x0000000010e48000 	/System/Library/Frameworks/CoreData.framework/Versions/A/CoreData
0x0000000010e48000 	/System/Library/PrivateFrameworks/RemoteViewServices.framework/Versions/A/RemoteViewServices
0x0000000010e48000 	/System/Library/PrivateFrameworks/UIFoundation.framework/Versions/A/UIFoundation
0x0000000010e48000 	/System/Library/PrivateFrameworks/DFRFoundation.framework/Versions/A/DFRFoundation
0x0000000010e48000 	/System/Library/Frameworks/Metal.framework/Versions/A/Metal
0x0000000010e48000 	/System/Library/PrivateFrameworks/DesktopServicesPriv.framework/Versions/A/DesktopServicesPriv
0x0000000010e48000 	/usr/lib/libenergytrace.dylib
0x0000000010e48000 	/System/Library/PrivateFrameworks/SkyLight.framework/Versions/A/SkyLight
0x0000000010e48000 	/System/Library/Frameworks/CoreGraphics.framework/Versions/A/CoreGraphics
0x0000000010e48000 	/usr/lib/libScreenReader.dylib
0x0000000010e48000 	/System/Library/Frameworks/Accelerate.framework/Versions/A/Accelerate
0x0000000010e48000 	/System/Library/Frameworks/IOSurface.framework/Versions/A/IOSurface
0x0000000010e48000 	/System/Library/Frameworks/AudioToolbox.framework/Versions/A/AudioToolbox
0x0000000010e48000 	/System/Library/Frameworks/AudioUnit.framework/Versions/A/AudioUnit
0x0000000010e48000 	/System/Library/PrivateFrameworks/DataDetectorsCore.framework/Versions/A/DataDetectorsCore
0x0000000010e48000 	/System/Library/Frameworks/Carbon.framework/Versions/A/Frameworks/HIToolbox.framework/Versions/A/HIToolbox
0x0000000010e48000 	/usr/lib/libicucore.A.dylib
0x0000000010e48000 	/System/Library/Frameworks/QuartzCore.framework/Versions/A/QuartzCore
0x0000000010e48000 	/System/Library/PrivateFrameworks/SignpostNotification.framework/Versions/A/SignpostNotification
0x0000000010e48000 	/System/Library/Frameworks/Carbon.framework/Versions/A/Frameworks/SpeechRecognition.framework/Versions/A/SpeechRecognition
0x0000000010e48000 	/usr/lib/libauto.dylib
0x0000000010e48000 	/usr/lib/libxml2.2.dylib
0x0000000010e48000 	/System/Library/PrivateFrameworks/CoreUI.framework/Versions/A/CoreUI
0x0000000010e48000 	/System/Library/Frameworks/CoreAudio.framework/Versions/A/CoreAudio
0x0000000010e48000 	/System/Library/Frameworks/DiskArbitration.framework/Versions/A/DiskArbitration
0x0000000010e48000 	/usr/lib/liblangid.dylib
0x0000000010e48000 	/System/Library/PrivateFrameworks/MultitouchSupport.framework/Versions/A/MultitouchSupport
0x0000000010e48000 	/System/Library/Frameworks/IOKit.framework/Versions/A/IOKit
0x0000000010e48000 	/usr/lib/libDiagnosticMessagesClient.dylib
0x0000000010e48000 	/System/Library/Frameworks/CoreServices.framework/Versions/A/CoreServices
0x0000000010e48000 	/System/Library/PrivateFrameworks/PerformanceAnalysis.framework/Versions/A/PerformanceAnalysis
0x0000000010e48000 	/System/Library/Frameworks/OpenGL.framework/Versions/A/OpenGL
0x0000000010e48000 	/System/Library/Frameworks/ColorSync.framework/Versions/A/ColorSync
0x0000000010e48000 	/System/Library/Frameworks/CoreImage.framework/Versions/A/CoreImage
0x0000000010e48000 	/System/Library/Frameworks/CoreText.framework/Versions/A/CoreText
0x0000000010e48000 	/System/Library/Frameworks/ImageIO.framework/Versions/A/ImageIO
0x0000000010e48000 	/System/Library/PrivateFrameworks/Backup.framework/Versions/A/Backup
0x0000000010e48000 	/usr/lib/libarchive.2.dylib
0x0000000010e48000 	/System/Library/Frameworks/CFNetwork.framework/Versions/A/CFNetwork
0x0000000010e48000 	/System/Library/Frameworks/SystemConfiguration.framework/Versions/A/SystemConfiguration
0x0000000010e48000 	/usr/lib/libCRFSuite.dylib
0x0000000010e48000 	/usr/lib/libc++.1.dylib
0x0000000010e48000 	/usr/lib/libc++abi.dylib
0x0000000010e48000 	/usr/lib/system/libcache.dylib
0x0000000010e48000 	/usr/lib/system/libcommonCrypto.dylib
0x0000000010e48000 	/usr/lib/system/libcompiler_rt.dylib
0x0000000010e48000 	/usr/lib/system/libcopyfile.dylib
0x0000000010e48000 	/usr/lib/system/libcorecrypto.dylib
0x0000000010e48000 	/usr/lib/system/libdispatch.dylib
0x0000000010e48000 	/usr/lib/system/libdyld.dylib
0x0000000010e48000 	/usr/lib/system/libkeymgr.dylib
0x0000000010e48000 	/usr/lib/system/liblaunch.dylib
0x0000000010e48000 	/usr/lib/system/libmacho.dylib
0x0000000010e48000 	/usr/lib/system/libquarantine.dylib
0x0000000010e48000 	/usr/lib/system/libremovefile.dylib
0x0000000010e48000 	/usr/lib/system/libsystem_asl.dylib
0x0000000010e48000 	/usr/lib/system/libsystem_blocks.dylib
0x0000000010e48000 	/usr/lib/system/libsystem_c.dylib
0x0000000010e48000 	/usr/lib/system/libsystem_configuration.dylib
0x0000000010e48000 	/usr/lib/system/libsystem_coreservices.dylib
0x0000000010e48000 	/usr/lib/system/libsystem_darwin.dylib
0x0000000010e48000 	/usr/lib/system/libsystem_dnssd.dylib
0x0000000010e48000 	/usr/lib/system/libsystem_info.dylib
0x0000000010e48000 	/usr/lib/system/libsystem_m.dylib
0x0000000010e48000 	/usr/lib/system/libsystem_malloc.dylib
0x0000000010e48000 	/usr/lib/system/libsystem_network.dylib
0x0000000010e48000 	/usr/lib/system/libsystem_networkextension.dylib
0x0000000010e48000 	/usr/lib/system/libsystem_notify.dylib
0x0000000010e48000 	/usr/lib/system/libsystem_sandbox.dylib
0x0000000010e48000 	/usr/lib/system/libsystem_secinit.dylib
0x0000000010e48000 	/usr/lib/system/libsystem_kernel.dylib
0x0000000010e48000 	/usr/lib/system/libsystem_platform.dylib
0x0000000010e48000 	/usr/lib/system/libsystem_pthread.dylib
0x0000000010e48000 	/usr/lib/system/libsystem_symptoms.dylib
0x0000000010e48000 	/usr/lib/system/libsystem_trace.dylib
0x0000000010e48000 	/usr/lib/system/libunwind.dylib
0x0000000010e48000 	/usr/lib/system/libxpc.dylib
0x0000000010e48000 	/usr/lib/closure/libclosured.dylib
0x0000000010e48000 	/usr/lib/libbsm.0.dylib
0x0000000010e48000 	/usr/lib/system/libkxld.dylib
0x0000000010e48000 	/usr/lib/libOpenScriptingUtil.dylib
0x0000000010e48000 	/usr/lib/libcoretls.dylib
0x0000000010e48000 	/usr/lib/libcoretls_cfhelpers.dylib
0x0000000010e48000 	/usr/lib/libpam.2.dylib
0x0000000010e48000 	/usr/lib/libsqlite3.dylib
0x0000000010e48000 	/usr/lib/libxar.1.dylib
0x0000000010e48000 	/usr/lib/libbz2.1.0.dylib
0x0000000010e48000 	/usr/lib/liblzma.5.dylib
0x0000000010e48000 	/usr/lib/libnetwork.dylib
0x0000000010e48000 	/usr/lib/libapple_nghttp2.dylib
0x0000000010e48000 	/usr/lib/libpcap.A.dylib
0x0000000010e48000 	/usr/lib/libboringssl.dylib
0x0000000010e48000 	/usr/lib/libusrtcp.dylib
0x0000000010e48000 	/usr/lib/libapple_crypto.dylib
0x0000000010e48000 	/System/Library/Frameworks/CoreServices.framework/Versions/A/Frameworks/FSEvents.framework/Versions/A/FSEvents
0x0000000010e48000 	/System/Library/Frameworks/CoreServices.framework/Versions/A/Frameworks/CarbonCore.framework/Versions/A/CarbonCore
0x0000000010e48000 	/System/Library/Frameworks/CoreServices.framework/Versions/A/Frameworks/Metadata.framework/Versions/A/Metadata
0x0000000010e48000 	/System/Library/Frameworks/CoreServices.framework/Versions/A/Frameworks/OSServices.framework/Versions/A/OSServices
0x0000000010e48000 	/System/Library/Frameworks/CoreServices.framework/Versions/A/Frameworks/SearchKit.framework/Versions/A/SearchKit
0x0000000010e48000 	/System/Library/Frameworks/CoreServices.framework/Versions/A/Frameworks/AE.framework/Versions/A/AE
0x0000000010e48000 	/System/Library/Frameworks/CoreServices.framework/Versions/A/Frameworks/LaunchServices.framework/Versions/A/LaunchServices
0x0000000010e48000 	/System/Library/Frameworks/CoreServices.framework/Versions/A/Frameworks/DictionaryServices.framework/Versions/A/DictionaryServices
0x0000000010e48000 	/System/Library/Frameworks/CoreServices.framework/Versions/A/Frameworks/SharedFileList.framework/Versions/A/SharedFileList
0x0000000010e48000 	/System/Library/Frameworks/NetFS.framework/Versions/A/NetFS
0x0000000010e48000 	/System/Library/PrivateFrameworks/NetAuth.framework/Versions/A/NetAuth
0x0000000010e48000 	/System/Library/PrivateFrameworks/login.framework/Versions/A/Frameworks/loginsupport.framework/Versions/A/loginsupport
0x0000000010e48000 	/System/Library/PrivateFrameworks/TCC.framework/Versions/A/TCC
0x0000000010e48000 	/usr/lib/libmecabra.dylib
0x0000000010e48000 	/System/Library/Frameworks/ApplicationServices.framework/Versions/A/Frameworks/ATS.framework/Versions/A/ATS
0x0000000010e48000 	/System/Library/Frameworks/ApplicationServices.framework/Versions/A/Frameworks/ColorSyncLegacy.framework/Versions/A/ColorSyncLegacy
0x0000000010e48000 	/System/Library/Frameworks/ApplicationServices.framework/Versions/A/Frameworks/HIServices.framework/Versions/A/HIServices
0x0000000010e48000 	/System/Library/Frameworks/ApplicationServices.framework/Versions/A/Frameworks/LangAnalysis.framework/Versions/A/LangAnalysis
0x0000000010e48000 	/System/Library/Frameworks/ApplicationServices.framework/Versions/A/Frameworks/PrintCore.framework/Versions/A/PrintCore
0x0000000010e48000 	/System/Library/Frameworks/ApplicationServices.framework/Versions/A/Frameworks/QD.framework/Versions/A/QD
0x0000000010e48000 	/System/Library/Frameworks/ApplicationServices.framework/Versions/A/Frameworks/SpeechSynthesis.framework/Versions/A/SpeechSynthesis
0x0000000010e48000 	/System/Library/Frameworks/CoreDisplay.framework/Versions/A/CoreDisplay
0x0000000010e48000 	/System/Library/Frameworks/Accelerate.framework/Versions/A/Frameworks/vImage.framework/Versions/A/vImage
0x0000000010e48000 	/System/Library/Frameworks/Accelerate.framework/Versions/A/Frameworks/vecLib.framework/Versions/A/vecLib
0x0000000010e48000 	/System/Library/Frameworks/Accelerate.framework/Versions/A/Frameworks/vecLib.framework/Versions/A/libvDSP.dylib
0x0000000010e48000 	/System/Library/Frameworks/Accelerate.framework/Versions/A/Frameworks/vecLib.framework/Versions/A/libBNNS.dylib
0x0000000010e48000 	/System/Library/Frameworks/Accelerate.framework/Versions/A/Frameworks/vecLib.framework/Versions/A/libQuadrature.dylib
0x0000000010e48000 	/System/Library/Frameworks/Accelerate.framework/Versions/A/Frameworks/vecLib.framework/Versions/A/libvMisc.dylib
0x0000000010e48000 	/System/Library/Frameworks/Accelerate.framework/Versions/A/Frameworks/vecLib.framework/Versions/A/libLAPACK.dylib
0x0000000010e48000 	/System/Library/Frameworks/Accelerate.framework/Versions/A/Frameworks/vecLib.framework/Versions/A/libBLAS.dylib
0x0000000010e48000 	/System/Library/Frameworks/Accelerate.framework/Versions/A/Frameworks/vecLib.framework/Versions/A/libLinearAlgebra.dylib
0x0000000010e48000 	/System/Library/Frameworks/Accelerate.framework/Versions/A/Frameworks/vecLib.framework/Versions/A/libSparse.dylib
0x0000000010e48000 	/System/Library/Frameworks/Accelerate.framework/Versions/A/Frameworks/vecLib.framework/Versions/A/libSparseBLAS.dylib
0x0000000010e48000 	/System/Library/PrivateFrameworks/GPUWrangler.framework/Versions/A/GPUWrangler
0x0000000010e48000 	/System/Library/PrivateFrameworks/IOAccelerator.framework/Versions/A/IOAccelerator
0x0000000010e48000 	/System/Library/PrivateFrameworks/IOPresentment.framework/Versions/A/IOPresentment
0x0000000010e48000 	/System/Library/PrivateFrameworks/DSExternalDisplay.framework/Versions/A/DSExternalDisplay
0x0000000010e48000 	/System/Library/Frameworks/OpenGL.framework/Versions/A/Libraries/libCoreFSCache.dylib
0x0000000010e48000 	/System/Library/Frameworks/CoreVideo.framework/Versions/A/CoreVideo
0x0000000010e48000 	/System/Library/PrivateFrameworks/GraphVisualizer.framework/Versions/A/GraphVisualizer
0x0000000010e48000 	/System/Library/Frameworks/MetalPerformanceShaders.framework/Versions/A/MetalPerformanceShaders
0x0000000010e48000 	/usr/lib/libFosl_dynamic.dylib
0x0000000010e48000 	/System/Library/PrivateFrameworks/FaceCore.framework/Versions/A/FaceCore
0x0000000010e48000 	/System/Library/Frameworks/OpenCL.framework/Versions/A/OpenCL
0x0000000010e48000 	/usr/lib/libcompression.dylib
0x0000000010e48000 	/System/Library/Frameworks/ApplicationServices.framework/Versions/A/Frameworks/ATS.framework/Versions/A/Resources/libFontParser.dylib
0x0000000010e48000 	/System/Library/Frameworks/ApplicationServices.framework/Versions/A/Frameworks/ATS.framework/Versions/A/Resources/libFontRegistry.dylib
0x0000000010e48000 	/System/Library/Frameworks/ImageIO.framework/Versions/A/Resources/libJPEG.dylib
0x0000000010e48000 	/System/Library/Frameworks/ImageIO.framework/Versions/A/Resources/libTIFF.dylib
0x0000000010e48000 	/System/Library/Frameworks/ImageIO.framework/Versions/A/Resources/libPng.dylib
0x0000000010e48000 	/System/Library/Frameworks/ImageIO.framework/Versions/A/Resources/libGIF.dylib
0x0000000010e48000 	/System/Library/Frameworks/ImageIO.framework/Versions/A/Resources/libJP2.dylib
0x0000000010e48000 	/System/Library/Frameworks/ImageIO.framework/Versions/A/Resources/libRadiance.dylib
0x0000000010e48000 	/System/Library/PrivateFrameworks/AppleJPEG.framework/Versions/A/AppleJPEG
0x0000000010e48000 	/System/Library/Frameworks/MetalPerformanceShaders.framework/Frameworks/MPSCore.framework/Versions/A/MPSCore
0x0000000010e48000 	/System/Library/Frameworks/MetalPerformanceShaders.framework/Frameworks/MPSImage.framework/Versions/A/MPSImage
0x0000000010e48000 	/System/Library/Frameworks/MetalPerformanceShaders.framework/Frameworks/MPSNeuralNetwork.framework/Versions/A/MPSNeuralNetwork
0x0000000010e48000 	/System/Library/Frameworks/MetalPerformanceShaders.framework/Frameworks/MPSMatrix.framework/Versions/A/MPSMatrix
0x0000000010e48000 	/System/Library/PrivateFrameworks/MetalTools.framework/Versions/A/MetalTools
0x0000000010e48000 	/System/Library/Frameworks/OpenGL.framework/Versions/A/Libraries/libGLU.dylib
0x0000000010e48000 	/System/Library/Frameworks/OpenGL.framework/Versions/A/Libraries/libGFXShared.dylib
0x0000000010e48000 	/System/Library/Frameworks/OpenGL.framework/Versions/A/Libraries/libGL.dylib
0x0000000010e48000 	/System/Library/Frameworks/OpenGL.framework/Versions/A/Libraries/libGLImage.dylib
0x0000000010e48000 	/System/Library/Frameworks/OpenGL.framework/Versions/A/Libraries/libCVMSPluginSupport.dylib
0x0000000010e48000 	/System/Library/Frameworks/OpenGL.framework/Versions/A/Libraries/libCoreVMClient.dylib
0x0000000010e48000 	/usr/lib/libcups.2.dylib
0x0000000010e48000 	/System/Library/Frameworks/Kerberos.framework/Versions/A/Kerberos
0x0000000010e48000 	/System/Library/Frameworks/GSS.framework/Versions/A/GSS
0x0000000010e48000 	/usr/lib/libresolv.9.dylib
0x0000000010e48000 	/usr/lib/libiconv.2.dylib
0x0000000010e48000 	/System/Library/PrivateFrameworks/Heimdal.framework/Versions/A/Heimdal
0x0000000010e48000 	/usr/lib/libheimdal-asn1.dylib
0x0000000010e48000 	/System/Library/Frameworks/OpenDirectory.framework/Versions/A/OpenDirectory
0x0000000010e48000 	/System/Library/PrivateFrameworks/CommonAuth.framework/Versions/A/CommonAuth
0x0000000010e48000 	/System/Library/Frameworks/OpenDirectory.framework/Versions/A/Frameworks/CFOpenDirectory.framework/Versions/A/CFOpenDirectory
0x0000000010e48000 	/System/Library/Frameworks/SecurityFoundation.framework/Versions/A/SecurityFoundation
0x0000000010e48000 	/System/Library/PrivateFrameworks/APFS.framework/Versions/A/APFS
0x0000000010e48000 	/usr/lib/libutil.dylib
0x0000000010e48000 	/System/Library/PrivateFrameworks/AppleSauce.framework/Versions/A/AppleSauce
0x0000000010e48000 	/System/Library/PrivateFrameworks/LinguisticData.framework/Versions/A/LinguisticData
0x0000000010e48000 	/usr/lib/libmarisa.dylib
0x0000000010e48000 	/System/Library/PrivateFrameworks/Lexicon.framework/Versions/A/Lexicon
0x0000000010e48000 	/usr/lib/libChineseTokenizer.dylib
0x0000000010e48000 	/usr/lib/libcmph.dylib
0x0000000010e48000 	/System/Library/PrivateFrameworks/LanguageModeling.framework/Versions/A/LanguageModeling
0x0000000010e48000 	/System/Library/PrivateFrameworks/CoreEmoji.framework/Versions/A/CoreEmoji
0x0000000010e48000 	/System/Library/Frameworks/ServiceManagement.framework/Versions/A/ServiceManagement
0x0000000010e48000 	/System/Library/PrivateFrameworks/BackgroundTaskManagement.framework/Versions/A/BackgroundTaskManagement
0x0000000010e48000 	/usr/lib/libxslt.1.dylib
0x0000000010e48000 	/System/Library/Frameworks/Carbon.framework/Versions/A/Frameworks/Ink.framework/Versions/A/Ink
0x0000000010e48000 	/System/Library/PrivateFrameworks/TextureIO.framework/Versions/A/TextureIO
0x0000000010e48000 	/usr/lib/libate.dylib
0x0000000010e48000 	/System/Library/PrivateFrameworks/CrashReporterSupport.framework/Versions/A/CrashReporterSupport
0x0000000010e48000 	/System/Library/PrivateFrameworks/Sharing.framework/Versions/A/Sharing
0x0000000010e48000 	/System/Library/PrivateFrameworks/IconServices.framework/Versions/A/IconServices
0x0000000010e48000 	/System/Library/PrivateFrameworks/AuthKit.framework/Versions/A/AuthKit
0x0000000010e48000 	/System/Library/PrivateFrameworks/Apple80211.framework/Versions/A/Apple80211
0x0000000010e48000 	/System/Library/PrivateFrameworks/CoreUtils.framework/Versions/A/CoreUtils
0x0000000010e48000 	/System/Library/Frameworks/CoreWLAN.framework/Versions/A/CoreWLAN
0x0000000010e48000 	/System/Library/Frameworks/IOBluetooth.framework/Versions/A/IOBluetooth
0x0000000010e48000 	/System/Library/PrivateFrameworks/ProtocolBuffer.framework/Versions/A/ProtocolBuffer
0x0000000010e48000 	/System/Library/PrivateFrameworks/MobileKeyBag.framework/Versions/A/MobileKeyBag
0x0000000010e48000 	/System/Library/PrivateFrameworks/CorePhoneNumbers.framework/Versions/A/CorePhoneNumbers
0x0000000010e48000 	/System/Library/PrivateFrameworks/AppleIDAuthSupport.framework/Versions/A/AppleIDAuthSupport
0x0000000010e48000 	/System/Library/PrivateFrameworks/KeychainCircle.framework/Versions/A/KeychainCircle
0x0000000010e48000 	/System/Library/PrivateFrameworks/CoreWiFi.framework/Versions/A/CoreWiFi
0x0000000010e48000 	/System/Library/Frameworks/CoreBluetooth.framework/Versions/A/CoreBluetooth
0x0000000010e48000 	/System/Library/PrivateFrameworks/DebugSymbols.framework/Versions/A/DebugSymbols
0x0000000010e48000 	/System/Library/PrivateFrameworks/CoreSymbolication.framework/Versions/A/CoreSymbolication
0x0000000010e48000 	/System/Library/PrivateFrameworks/Symbolication.framework/Versions/A/Symbolication
0x0000000010e48000 	/System/Library/PrivateFrameworks/AppleFSCompression.framework/Versions/A/AppleFSCompression
0x0000000010e48000 	/System/Library/PrivateFrameworks/SpeechRecognitionCore.framework/Versions/A/SpeechRecognitionCore
0x000000010d400000 	/Library/Java/JavaVirtualMachines/jdk1.8.0_131.jdk/Contents/Home/jre/lib/server/libjvm.dylib
0x0000000010e48000 	/usr/lib/libstdc++.6.0.9.dylib
0x000000010e3a3000 	/Library/Java/JavaVirtualMachines/jdk1.8.0_131.jdk/Contents/Home/jre/lib/libverify.dylib
0x000000010e3b1000 	/Library/Java/JavaVirtualMachines/jdk1.8.0_131.jdk/Contents/Home/jre/lib/libjava.dylib
0x000000010e42e000 	/Library/Java/JavaVirtualMachines/jdk1.8.0_131.jdk/Contents/Home/jre/lib/libzip.dylib
0x0000000010e48000 	/System/Library/Frameworks/JavaVM.framework/Versions/A/Frameworks/JavaRuntimeSupport.framework/Versions/A/JavaRuntimeSupport
0x0000000010e48000 	/System/Library/Frameworks/JavaVM.framework/Versions/A/Frameworks/JavaNativeFoundation.framework/Versions/A/JavaNativeFoundation
0x0000000010e48000 	/System/Library/Frameworks/JavaVM.framework/Versions/A/JavaVM
0x0000000010e48000 	/System/Library/Frameworks/Carbon.framework/Versions/A/Carbon
0x0000000010e48000 	/System/Library/PrivateFrameworks/JavaLaunching.framework/Versions/A/JavaLaunching
0x0000000010e48000 	/System/Library/Frameworks/Carbon.framework/Versions/A/Frameworks/CommonPanels.framework/Versions/A/CommonPanels
0x0000000010e48000 	/System/Library/Frameworks/Carbon.framework/Versions/A/Frameworks/Help.framework/Versions/A/Help
0x0000000010e48000 	/System/Library/Frameworks/Carbon.framework/Versions/A/Frameworks/ImageCapture.framework/Versions/A/ImageCapture
0x0000000010e48000 	/System/Library/Frameworks/Carbon.framework/Versions/A/Frameworks/OpenScripting.framework/Versions/A/OpenScripting
0x0000000010e48000 	/System/Library/Frameworks/Carbon.framework/Versions/A/Frameworks/Print.framework/Versions/A/Print
0x0000000010e48000 	/System/Library/Frameworks/Carbon.framework/Versions/A/Frameworks/SecurityHI.framework/Versions/A/SecurityHI
0x0000000116747000 	/Library/Java/JavaVirtualMachines/jdk1.8.0_131.jdk/Contents/Home/jre/lib/libnet.dylib
0x00000001167a6000 	/Library/Java/JavaVirtualMachines/jdk1.8.0_131.jdk/Contents/Home/jre/lib/libawt.dylib
0x000000011684e000 	/Library/Java/JavaVirtualMachines/jdk1.8.0_131.jdk/Contents/Home/jre/lib/./libmlib_image.dylib
0x000000011691a000 	/Library/Java/JavaVirtualMachines/jdk1.8.0_131.jdk/Contents/Home/jre/lib/libawt_lwawt.dylib
0x00000001169d1000 	/Library/Java/JavaVirtualMachines/jdk1.8.0_131.jdk/Contents/Home/jre/lib/./libosxapp.dylib
0x0000000010e48000 	/System/Library/Frameworks/ExceptionHandling.framework/Versions/A/ExceptionHandling
0x0000000010e48000 	/System/Library/PrivateFrameworks/CoreServicesInternal.framework/Versions/A/CoreServicesInternal
0x0000000010e48000 	/System/Library/CoreServices/RawCamera.bundle/Contents/MacOS/RawCamera
0x0000000010e48000 	/System/Library/PrivateFrameworks/MobileAsset.framework/Versions/A/MobileAsset
0x0000000010e48000 	/System/Library/PrivateFrameworks/StreamingZip.framework/Versions/A/StreamingZip
0x0000000010e48000 	/System/Library/Frameworks/MediaToolbox.framework/Versions/A/MediaToolbox
0x0000000010e48000 	/System/Library/PrivateFrameworks/CoreAVCHD.framework/Versions/A/CoreAVCHD
0x0000000010e48000 	/System/Library/Frameworks/MediaAccessibility.framework/Versions/A/MediaAccessibility
0x0000000010e48000 	/System/Library/PrivateFrameworks/Mangrove.framework/Versions/A/Mangrove
0x0000000010e48000 	/System/Library/Frameworks/CoreMedia.framework/Versions/A/CoreMedia
0x0000000010e48000 	/System/Library/Frameworks/VideoToolbox.framework/Versions/A/VideoToolbox
0x0000000010e48000 	/System/Library/PrivateFrameworks/CoreAUC.framework/Versions/A/CoreAUC
0x0000000010e48000 	/usr/lib/libspindump.dylib
0x0000000010e48000 	/System/Library/PrivateFrameworks/AppleVA.framework/Versions/A/AppleVA
0x0000000010e48000 	/System/Library/Frameworks/Accelerate.framework/Versions/A/Frameworks/vImage.framework/Versions/A/Libraries/libCGInterfaces.dylib
0x0000000010e48000 	/System/Library/Frameworks/ApplicationServices.framework/Versions/A/Frameworks/ATS.framework/Versions/A/Resources/libTrueTypeScaler.dylib
0x0000000010e48000 	/System/Library/Extensions/AppleIntelBDWGraphicsMTLDriver.bundle/Contents/MacOS/AppleIntelBDWGraphicsMTLDriver
0x0000000010e48000 	/System/Library/PrivateFrameworks/GPUCompiler.framework/Versions/3802/Libraries/libmetal_timestamp.dylib
0x0000000010e48000 	/System/Library/PrivateFrameworks/FamilyControls.framework/Versions/A/FamilyControls
0x0000000010e48000 	/System/Library/PrivateFrameworks/CommerceKit.framework/Versions/A/Frameworks/CommerceCore.framework/Versions/A/CommerceCore
0x0000000010e48000 	/System/Library/PrivateFrameworks/SystemAdministration.framework/Versions/A/SystemAdministration
0x0000000010e48000 	/System/Library/PrivateFrameworks/AppContainer.framework/Versions/A/AppContainer
0x0000000010e48000 	/System/Library/PrivateFrameworks/SecCodeWrapper.framework/Versions/A/SecCodeWrapper
0x0000000010e48000 	/System/Library/PrivateFrameworks/DiskManagement.framework/Versions/A/DiskManagement
0x0000000010e48000 	/System/Library/Frameworks/DirectoryService.framework/Versions/A/DirectoryService
0x0000000010e48000 	/System/Library/PrivateFrameworks/DiskImages.framework/Versions/A/DiskImages
0x0000000010e48000 	/System/Library/PrivateFrameworks/LoginUIKit.framework/Versions/A/Frameworks/LoginUICore.framework/Versions/A/LoginUICore
0x0000000010e48000 	/usr/lib/libCoreStorage.dylib
0x0000000010e48000 	/usr/lib/libcsfde.dylib
0x0000000010e48000 	/usr/lib/libodfde.dylib
0x0000000010e48000 	/System/Library/PrivateFrameworks/MediaKit.framework/Versions/A/MediaKit
0x0000000010e48000 	/System/Library/Frameworks/DiscRecording.framework/Versions/A/DiscRecording
0x0000000010e48000 	/System/Library/PrivateFrameworks/EFILogin.framework/Versions/A/EFILogin
0x0000000010e48000 	/System/Library/PrivateFrameworks/ProtectedCloudStorage.framework/Versions/A/ProtectedCloudStorage
0x0000000010e48000 	/usr/lib/libcurl.4.dylib
0x0000000010e48000 	/usr/lib/libcrypto.35.dylib
0x0000000010e48000 	/usr/lib/libssl.35.dylib
0x0000000010e48000 	/System/Library/Frameworks/LDAP.framework/Versions/A/LDAP
0x0000000010e48000 	/System/Library/PrivateFrameworks/TrustEvaluationAgent.framework/Versions/A/TrustEvaluationAgent
0x0000000010e48000 	/usr/lib/libsasl2.2.dylib
0x0000000010e48000 	/System/Library/PrivateFrameworks/CoreDaemon.framework/Versions/B/CoreDaemon
0x0000000010e48000 	/System/Library/PrivateFrameworks/AppleSRP.framework/Versions/A/AppleSRP
0x000000012894c000 	/Library/Java/JavaVirtualMachines/jdk1.8.0_131.jdk/Contents/Home/jre/lib/libfontmanager.dylib
0x00000001289b3000 	/Library/Java/JavaVirtualMachines/jdk1.8.0_131.jdk/Contents/Home/jre/lib/libjpeg.dylib
0x0000000010e48000 	/System/Library/Frameworks/OpenGL.framework/Versions/A/Resources/GLEngine.bundle/GLEngine
0x0000000010e48000 	/System/Library/Frameworks/OpenGL.framework/Versions/A/Libraries/libGLProgrammability.dylib
0x00000001289e0000 	/System/Library/Extensions/AppleIntelBDWGraphicsGLDriver.bundle/Contents/MacOS/AppleIntelBDWGraphicsGLDriver
0x0000000010e48000 	/System/Library/PrivateFrameworks/GPUSupport.framework/Versions/A/Libraries/libGPUSupportMercury.dylib
0x0000000010e48000 	/System/Library/Frameworks/OpenGL.framework/Versions/A/Resources/GLRendererFloat.bundle/GLRendererFloat
0x0000000010e48000 	/System/Library/Frameworks/OpenCL.framework/Versions/A/Libraries/libcldcpuengine.dylib
0x0000000010e48000 	/System/Library/PrivateFrameworks/ViewBridge.framework/Versions/A/ViewBridge
0x000000012c3e0000 	/Library/Java/JavaVirtualMachines/jdk1.8.0_131.jdk/Contents/Home/jre/lib/libosxui.dylib
0x0000000129e6c000 	/Library/Java/JavaVirtualMachines/jdk1.8.0_131.jdk/Contents/Home/jre/lib/libnio.dylib
0x00000001a248b000 	/Library/Java/JavaVirtualMachines/jdk1.8.0_131.jdk/Contents/Home/jre/lib/libosx.dylib
0x00000001a8ae9000 	/Library/Java/JavaVirtualMachines/jdk1.8.0_131.jdk/Contents/Home/jre/lib/libdcpr.dylib
0x00000001a24b5000 	/Library/Java/JavaVirtualMachines/jdk1.8.0_131.jdk/Contents/Home/jre/lib/libt2k.dylib
0x0000000010e48000 	/System/Library/PrivateFrameworks/login.framework/Versions/A/login

VM Arguments:
java_command: /Users/zhanggan/tn5250j/build/tn5250j.jar
java_class_path (initial): /Users/zhanggan/tn5250j/build/tn5250j.jar
Launcher Type: SUN_STANDARD

Environment Variables:
PATH=/Users/zhanggan/bin:/usr/bin:/bin:/usr/sbin:/sbin:/usr/local/bin:/usr/bin:/bin:/usr/sbin:/sbin:/usr/local/gsa/bin:/usr/local/go/bin:/opt/X11/bin:/Users/zhanggan/.vimpkg/bin
SHELL=/bin/zsh
DISPLAY=/private/tmp/com.apple.launchd.jBAVsCtOx8/org.macosforge.xquartz:0

Signal Handlers:
SIGSEGV: [libjvm.dylib+0x5b1eb1], sa_mask[0]=11111111011111110111111111111111, sa_flags=SA_ONSTACK|SA_RESTART|SA_SIGINFO
SIGBUS: [libjvm.dylib+0x5b1eb1], sa_mask[0]=11111111011111110111111111111111, sa_flags=SA_RESTART|SA_SIGINFO
SIGFPE: [libjvm.dylib+0x488988], sa_mask[0]=11111111011111110111111111111111, sa_flags=SA_RESTART|SA_SIGINFO
SIGPIPE: [libjvm.dylib+0x488988], sa_mask[0]=11111111011111110111111111111111, sa_flags=SA_RESTART|SA_SIGINFO
SIGXFSZ: [libjvm.dylib+0x488988], sa_mask[0]=11111111011111110111111111111111, sa_flags=SA_RESTART|SA_SIGINFO
SIGILL: [libjvm.dylib+0x488988], sa_mask[0]=11111111011111110111111111111111, sa_flags=SA_RESTART|SA_SIGINFO
SIGUSR1: SIG_DFL, sa_mask[0]=00000000000000000000000000000000, sa_flags=SA_RESTART
SIGUSR2: [libjvm.dylib+0x4884a6], sa_mask[0]=00000000000000000000000000000000, sa_flags=SA_RESTART|SA_SIGINFO
SIGHUP: [libjvm.dylib+0x486a7d], sa_mask[0]=11111111011111110111111111111111, sa_flags=SA_RESTART|SA_SIGINFO
SIGINT: SIG_IGN, sa_mask[0]=00000000000000000000000000000000, sa_flags=none
SIGTERM: [libjvm.dylib+0x486a7d], sa_mask[0]=11111111011111110111111111111111, sa_flags=SA_RESTART|SA_SIGINFO
SIGQUIT: [libjvm.dylib+0x486a7d], sa_mask[0]=11111111011111110111111111111111, sa_flags=SA_RESTART|SA_SIGINFO


---------------  S Y S T E M  ---------------

OS:Bsduname:Darwin 17.7.0 Darwin Kernel Version 17.7.0: Thu Dec 20 21:47:19 PST 2018; root:xnu-4570.71.22~1/RELEASE_X86_64 x86_64
rlimit: STACK 8192k, CORE 0k, NPROC 709, NOFILE 10240, AS infinity
load average:3.38 3.65 9.21

CPU:total 4 (initial active 4) (2 cores per cpu, 2 threads per core) family 6 model 61 stepping 4, cmov, cx8, fxsr, mmx, sse, sse2, sse3, ssse3, sse4.1, sse4.2, popcnt, avx, avx2, aes, clmul, erms, 3dnowpref, lzcnt, ht, tsc, tscinvbit, bmi1, bmi2, adx

Memory: 4k page, physical 8388608k(19260k free)

/proc/meminfo:


vm_info: Java HotSpot(TM) 64-Bit Server VM (25.131-b11) for bsd-amd64 JRE (1.8.0_131-b11), built on Mar 15 2017 01:32:22 by "java_re" with gcc 4.2.1 (Based on Apple Inc. build 5658) (LLVM build 2336.11.00)

time: Mon Mar 25 10:12:40 2019
elapsed time: 248249 seconds (2d 20h 57m 29s)

