[W 2021-06-19 21:27:52.630 LabApp] 'ip' has moved from NotebookApp to ServerApp. This config will be passed to ServerApp. Be sure to update your config before our next release.
[W 2021-06-19 21:27:52.631 LabApp] 'port' has moved from NotebookApp to ServerApp. This config will be passed to ServerApp. Be sure to update your config before our next release.
[W 2021-06-19 21:27:52.632 LabApp] 'allow_root' has moved from NotebookApp to ServerApp. This config will be passed to ServerApp. Be sure to update your config before our next release.
[W 2021-06-19 21:27:52.633 LabApp] 'allow_root' has moved from NotebookApp to ServerApp. This config will be passed to ServerApp. Be sure to update your config before our next release.
[I 2021-06-19 21:27:52.650 LabApp] JupyterLab extension loaded from /opt/conda/lib/python3.8/site-packages/jupyterlab
[I 2021-06-19 21:27:52.651 LabApp] JupyterLab application directory is /opt/conda/share/jupyter/lab
[I 21:27:52.656 NotebookApp] Serving notebooks from local directory: /root/mycode/samplecodes/src_pytorch
[I 21:27:52.657 NotebookApp] Jupyter Notebook 6.3.0 is running at:
[I 21:27:52.658 NotebookApp] http://d93f41573409:18201/?token=6a6920ca13594d9cabed10b0279f14406fc04eb9f0c6550f
[I 21:27:52.659 NotebookApp]  or http://127.0.0.1:18201/?token=6a6920ca13594d9cabed10b0279f14406fc04eb9f0c6550f
[I 21:27:52.660 NotebookApp] Use Control-C to stop this server and shut down all kernels (twice to skip confirmation).
[W 21:27:52.664 NotebookApp] No web browser found: could not locate runnable browser.
[C 21:27:52.665 NotebookApp] 
    
    To access the notebook, open this file in a browser:
        file:///root/.local/share/jupyter/runtime/nbserver-61-open.html
    Or copy and paste one of these URLs:
        http://d93f41573409:18201/?token=6a6920ca13594d9cabed10b0279f14406fc04eb9f0c6550f
     or http://127.0.0.1:18201/?token=6a6920ca13594d9cabed10b0279f14406fc04eb9f0c6550f
[I 21:28:03.086 NotebookApp] Shutting down on /api/shutdown request.
[I 21:28:03.088 NotebookApp] Shutting down 0 kernels
[I 21:28:03.089 NotebookApp] Shutting down 0 terminals
[I 2021-06-19 21:28:14.233 ServerApp] jupyterlab | extension was successfully linked.
[I 2021-06-19 21:28:14.458 ServerApp] nbclassic | extension was successfully linked.
[I 2021-06-19 21:28:14.546 ServerApp] nbclassic | extension was successfully loaded.
[I 2021-06-19 21:28:14.548 LabApp] JupyterLab extension loaded from /opt/conda/lib/python3.8/site-packages/jupyterlab
[I 2021-06-19 21:28:14.549 LabApp] JupyterLab application directory is /opt/conda/share/jupyter/lab
[I 2021-06-19 21:28:14.554 ServerApp] jupyterlab | extension was successfully loaded.
[I 2021-06-19 21:28:14.555 ServerApp] Serving notebooks from local directory: /root/mycode/samplecodes/src_pytorch
[I 2021-06-19 21:28:14.556 ServerApp] Jupyter Server 1.8.0 is running at:
[I 2021-06-19 21:28:14.557 ServerApp] http://d93f41573409:18201/lab?token=a23384c21f0e8a64ee3e35cfbef5b9da38c1441cad74c26a
[I 2021-06-19 21:28:14.558 ServerApp]     http://127.0.0.1:18201/lab?token=a23384c21f0e8a64ee3e35cfbef5b9da38c1441cad74c26a
[I 2021-06-19 21:28:14.559 ServerApp] Use Control-C to stop this server and shut down all kernels (twice to skip confirmation).
[W 2021-06-19 21:28:14.564 ServerApp] No web browser found: could not locate runnable browser.
[C 2021-06-19 21:28:14.565 ServerApp] 
    
    To access the server, open this file in a browser:
        file:///root/.local/share/jupyter/runtime/jpserver-66-open.html
    Or copy and paste one of these URLs:
        http://d93f41573409:18201/lab?token=a23384c21f0e8a64ee3e35cfbef5b9da38c1441cad74c26a
        http://127.0.0.1:18201/lab?token=a23384c21f0e8a64ee3e35cfbef5b9da38c1441cad74c26a
[I 2021-06-19 21:29:01.439 ServerApp] 302 GET /?token=a23384c21f0e8a64ee3e35cfbef5b9da38c1441cad74c26a (172.17.0.1) 0.73ms
[W 2021-06-19 21:29:03.659 LabApp] Could not determine jupyterlab build status without nodejs
[W 2021-06-19 21:29:04.187 ServerApp] 404 GET /api/contents/mycode/samplecodes/src_pytorch/Untitled.ipynb?content=0&1624109344157 (172.17.0.1): No such file or directory: mycode/samplecodes/src_pytorch/Untitled.ipynb
[W 2021-06-19 21:29:04.190 ServerApp] No such file or directory: mycode/samplecodes/src_pytorch/Untitled.ipynb
[W 2021-06-19 21:29:04.195 ServerApp] 404 GET /api/contents/mycode/samplecodes/src_pytorch/Untitled.ipynb?content=0&1624109344157 (172.17.0.1) 17.49ms referer=http://0.0.0.0:18201/lab
[W 2021-06-19 21:29:04.843 ServerApp] 404 GET /api/contents/mycode/samplecodes/src_pytorch?1624109344817 (172.17.0.1): No such file or directory: mycode/samplecodes/src_pytorch
[W 2021-06-19 21:29:04.845 ServerApp] No such file or directory: mycode/samplecodes/src_pytorch
[W 2021-06-19 21:29:04.852 ServerApp] 404 GET /api/contents/mycode/samplecodes/src_pytorch?1624109344817 (172.17.0.1) 21.34ms referer=http://0.0.0.0:18201/lab
[I 2021-06-19 21:29:07.089 ServerApp] New terminal with automatic name: 1
TermSocket.open: 1
TermSocket.open: Opened 1
[W 2021-06-19 21:29:26.357 ServerApp] Notebook limu01.ipynb is not trusted
[I 2021-06-19 21:29:26.662 ServerApp] Kernel started: a34432b5-0616-486d-9c9f-5a07c94d3178
[W 2021-06-19 21:29:30.316 ServerApp] Got events for closed stream None
[I 2021-06-19 21:31:26.545 ServerApp] Saving file at /limu01.ipynb
[I 2021-06-19 21:32:41.657 ServerApp] Saving file at /limu01.ipynb
[I 2021-06-19 21:32:42.007 ServerApp] Saving file at /limu01.ipynb
[I 2021-06-19 21:32:43.332 ServerApp] Saving file at /limu01.ipynb
[I 2021-06-19 21:32:43.605 ServerApp] Saving file at /limu01.ipynb
[I 2021-06-19 21:34:43.662 ServerApp] Saving file at /limu01.ipynb
[I 2021-06-19 21:36:43.723 ServerApp] Saving file at /limu01.ipynb
[I 2021-06-19 21:40:43.785 ServerApp] Saving file at /limu01.ipynb
[I 2021-06-19 21:41:36.741 ServerApp] Saving file at /limu01.ipynb
[I 2021-06-19 21:41:44.674 ServerApp] Saving file at /limu01.ipynb
[I 2021-06-19 21:43:44.741 ServerApp] Saving file at /limu01.ipynb
[I 2021-06-19 21:45:44.817 ServerApp] Saving file at /limu01.ipynb
[I 2021-06-19 21:47:44.895 ServerApp] Saving file at /limu01.ipynb
[I 2021-06-19 21:49:44.870 ServerApp] Saving file at /limu01.ipynb
[I 2021-06-19 21:53:44.941 ServerApp] Saving file at /limu01.ipynb
[I 2021-06-19 22:44:12.969 ServerApp] Saving file at /limu01.ipynb
[I 2021-06-19 22:45:15.631 ServerApp] Saving file at /limu01.ipynb
[I 2021-06-19 22:47:15.716 ServerApp] Saving file at /limu01.ipynb
[I 2021-06-19 22:49:15.804 ServerApp] Saving file at /limu01.ipynb
[I 2021-06-19 22:51:15.891 ServerApp] Saving file at /limu01.ipynb
[I 2021-06-19 22:52:09.243 ServerApp] Saving file at /limu01.ipynb
[I 2021-06-19 22:54:09.329 ServerApp] Saving file at /limu01.ipynb
[I 2021-06-19 22:56:09.415 ServerApp] Saving file at /limu01.ipynb
[I 2021-06-19 23:02:09.517 ServerApp] Saving file at /limu01.ipynb
[I 2021-06-19 23:04:09.606 ServerApp] Saving file at /limu01.ipynb
[I 2021-06-19 23:09:33.619 ServerApp] Saving file at /limu01.ipynb
[I 2021-06-19 23:11:06.803 ServerApp] Saving file at /limu01.ipynb
[I 2021-06-19 23:11:09.005 ServerApp] Saving file at /limu01.ipynb
[I 2021-06-19 23:11:45.316 ServerApp] Saving file at /limu01.ipynb
[I 2021-06-19 23:11:56.410 ServerApp] Saving file at /limu01.ipynb
[W 2021-06-19 23:17:17.411 ServerApp] Notebook Untitled.ipynb is not trusted
[I 2021-06-19 23:17:17.829 ServerApp] Kernel started: eb6424c1-cb61-43e9-8425-42090f7a7077
[I 2021-06-19 23:17:27.663 ServerApp] Creating new file in 
[W 2021-06-19 23:17:39.170 ServerApp] delete /untitled.txt
[W 2021-06-19 23:17:39.171 ServerApp] Skipping trash for /root/mycode/samplecodes/src_pytorch/untitled.txt, on different device to home directory
[I 2021-06-19 23:17:48.610 ServerApp] Creating new notebook in 
[I 2021-06-19 23:17:49.057 ServerApp] Kernel started: 1a7bd02b-3b0f-4158-98fc-96d7253cae90
[I 2021-06-19 23:17:56.990 ServerApp] Saving file at /Untitled1.ipynb
[I 2021-06-19 23:17:59.139 ServerApp] Saving file at /Untitled1.ipynb
[I 2021-06-19 23:19:59.188 ServerApp] Saving file at /pytorch.线性回归.ipynb
[I 2021-06-19 23:20:10.153 ServerApp] Saving file at /pytorch.线性回归.ipynb
[I 2021-06-19 23:22:10.208 ServerApp] Saving file at /pytorch.线性回归.ipynb
[I 2021-06-19 23:24:10.260 ServerApp] Saving file at /pytorch.线性回归.ipynb
[I 2021-06-19 23:24:57.331 ServerApp] Saving file at /手工线性回归.ipynb
Websocket closed
[I 2021-06-19 23:26:12.980 ServerApp] Starting buffering for eb6424c1-cb61-43e9-8425-42090f7a7077:98e6d675-221e-408c-b89e-ff9c671a0efe
[I 2021-06-19 23:26:12.982 ServerApp] Starting buffering for a34432b5-0616-486d-9c9f-5a07c94d3178:13e2f55d-6c8f-4ecb-93c9-da3f9b7fad2b
[I 2021-06-19 23:26:12.985 ServerApp] Starting buffering for 1a7bd02b-3b0f-4158-98fc-96d7253cae90:fad8de90-5432-43c0-b9a8-26dfb4216708
[W 2021-06-19 23:26:15.032 LabApp] Could not determine jupyterlab build status without nodejs
TermSocket.open: 1
TermSocket.open: Opened 1
[W 2021-06-19 23:26:16.024 ServerApp] Notebook Untitled.ipynb is not trusted
[I 2021-06-19 23:26:23.096 ServerApp] Starting buffering for eb6424c1-cb61-43e9-8425-42090f7a7077:13bfb921-4c61-45be-b28a-1936e20f9eae
[I 2021-06-19 23:26:23.099 ServerApp] Starting buffering for a34432b5-0616-486d-9c9f-5a07c94d3178:db071843-b569-42ed-9c4e-a252ba84c60a
[I 2021-06-19 23:26:23.104 ServerApp] Starting buffering for 1a7bd02b-3b0f-4158-98fc-96d7253cae90:d2053686-384c-4b77-ad8a-1fd42c6aff2c
Websocket closed
[I 2021-06-19 23:26:38.484 ServerApp] Shutting down on /api/shutdown request.
[I 2021-06-19 23:26:38.485 ServerApp] Shutting down 3 kernels
[I 2021-06-19 23:26:38.487 ServerApp] Kernel shutdown: a34432b5-0616-486d-9c9f-5a07c94d3178
[I 2021-06-19 23:26:38.489 ServerApp] Kernel shutdown: eb6424c1-cb61-43e9-8425-42090f7a7077
[I 2021-06-19 23:26:38.491 ServerApp] Kernel shutdown: 1a7bd02b-3b0f-4158-98fc-96d7253cae90
[I 2021-06-19 23:26:38.999 ServerApp] Shutting down 1 terminal
[I 2021-06-19 23:26:39.411 ServerApp] EOF on FD 17; stopping reading
[I 2021-06-19 23:26:39.513 ServerApp] Terminal 1 closed
[I 2021-06-19 23:26:47.596 ServerApp] jupyterlab | extension was successfully linked.
[I 2021-06-19 23:26:47.819 ServerApp] nbclassic | extension was successfully linked.
[I 2021-06-19 23:26:47.885 ServerApp] nbclassic | extension was successfully loaded.
[I 2021-06-19 23:26:47.887 LabApp] JupyterLab extension loaded from /opt/conda/lib/python3.8/site-packages/jupyterlab
[I 2021-06-19 23:26:47.888 LabApp] JupyterLab application directory is /opt/conda/share/jupyter/lab
[I 2021-06-19 23:26:47.893 ServerApp] jupyterlab | extension was successfully loaded.
[I 2021-06-19 23:26:47.894 ServerApp] Serving notebooks from local directory: /root/mycode/samplecodes/src_pytorch
[I 2021-06-19 23:26:47.895 ServerApp] Jupyter Server 1.8.0 is running at:
[I 2021-06-19 23:26:47.895 ServerApp] http://d93f41573409:18201/lab?token=9296d9f302b60f79e2b79f67d33e1b6d19ddba9d2b8b631e
[I 2021-06-19 23:26:47.896 ServerApp]     http://127.0.0.1:18201/lab?token=9296d9f302b60f79e2b79f67d33e1b6d19ddba9d2b8b631e
[I 2021-06-19 23:26:47.897 ServerApp] Use Control-C to stop this server and shut down all kernels (twice to skip confirmation).
[W 2021-06-19 23:26:47.901 ServerApp] No web browser found: could not locate runnable browser.
[C 2021-06-19 23:26:47.902 ServerApp] 
    
    To access the server, open this file in a browser:
        file:///root/.local/share/jupyter/runtime/jpserver-151-open.html
    Or copy and paste one of these URLs:
        http://d93f41573409:18201/lab?token=9296d9f302b60f79e2b79f67d33e1b6d19ddba9d2b8b631e
        http://127.0.0.1:18201/lab?token=9296d9f302b60f79e2b79f67d33e1b6d19ddba9d2b8b631e
[I 2021-06-19 23:26:58.882 ServerApp] 302 GET /?token=9296d9f302b60f79e2b79f67d33e1b6d19ddba9d2b8b631e (172.17.0.1) 1.06ms
[W 2021-06-19 23:27:00.966 LabApp] Could not determine jupyterlab build status without nodejs
[W 2021-06-19 23:27:01.555 ServerApp] 404 GET /terminals/websocket/1 (172.17.0.1) 57.34ms referer=None
[W 2021-06-19 23:27:01.798 ServerApp] 404 GET /terminals/websocket/1 (172.17.0.1) 2.85ms referer=None
[W 2021-06-19 23:27:02.358 ServerApp] Notebook Untitled.ipynb is not trusted
[I 2021-06-19 23:27:02.812 ServerApp] Kernel started: b6b6f2ca-222f-4c51-b7b4-b0cc6560c5a5
[I 2021-06-19 23:27:02.870 ServerApp] Kernel started: adefdd72-30a2-46e0-aee3-260e0f427a37
[I 2021-06-19 23:27:02.893 ServerApp] Kernel started: b4fd19e4-23c1-4d18-8d21-9f403c43e90c
[I 2021-06-19 23:27:08.388 ServerApp] Starting buffering for adefdd72-30a2-46e0-aee3-260e0f427a37:3249cb65-f16f-429d-ab3a-a7bcd24e2e01
[I 2021-06-19 23:27:11.924 ServerApp] Starting buffering for b6b6f2ca-222f-4c51-b7b4-b0cc6560c5a5:89b80da0-cf9c-4522-86dd-3f5523a2d84b
[I 2021-06-19 23:27:23.525 ServerApp] Starting buffering for adefdd72-30a2-46e0-aee3-260e0f427a37:ea84c44e-8983-4777-9483-d33bd4b083c9
[I 2021-06-19 23:27:23.528 ServerApp] Starting buffering for b4fd19e4-23c1-4d18-8d21-9f403c43e90c:a366d40e-bb7d-45c4-b79f-ad854031ad17
[W 2021-06-19 23:27:25.477 LabApp] Could not determine jupyterlab build status without nodejs
[I 2021-06-19 23:29:26.238 ServerApp] Saving file at /pytorch.线性回归.ipynb
[I 2021-06-19 23:31:26.307 ServerApp] Saving file at /pytorch.线性回归.ipynb
[I 2021-06-19 23:33:18.231 ServerApp] Kernel restarted: adefdd72-30a2-46e0-aee3-260e0f427a37
[I 2021-06-19 23:33:18.239 ServerApp] Starting buffering for adefdd72-30a2-46e0-aee3-260e0f427a37:047c3c58-c7b5-4923-97c8-e36cd908b6a6
[I 2021-06-19 23:33:18.249 ServerApp] Restoring connection for adefdd72-30a2-46e0-aee3-260e0f427a37:047c3c58-c7b5-4923-97c8-e36cd908b6a6
[I 2021-06-19 23:33:26.402 ServerApp] Saving file at /pytorch.线性回归.ipynb
[I 2021-06-19 23:35:26.473 ServerApp] Saving file at /pytorch.线性回归.ipynb
[I 2021-06-19 23:35:47.312 ServerApp] Starting buffering for adefdd72-30a2-46e0-aee3-260e0f427a37:047c3c58-c7b5-4923-97c8-e36cd908b6a6
[I 2021-06-19 23:35:47.408 ServerApp] Restoring connection for adefdd72-30a2-46e0-aee3-260e0f427a37:047c3c58-c7b5-4923-97c8-e36cd908b6a6
[I 2021-06-20 10:17:52.732 ServerApp] Kernel restarted: b6b6f2ca-222f-4c51-b7b4-b0cc6560c5a5
[I 2021-06-20 10:17:52.741 ServerApp] Starting buffering for b6b6f2ca-222f-4c51-b7b4-b0cc6560c5a5:2c41a9f5-d0fb-48d0-a570-e536877bb580
[I 2021-06-20 10:17:52.753 ServerApp] Restoring connection for b6b6f2ca-222f-4c51-b7b4-b0cc6560c5a5:2c41a9f5-d0fb-48d0-a570-e536877bb580
[W 2021-06-20 10:23:42.402 ServerApp] Notebook Untitled.ipynb is not trusted
[I 2021-06-20 10:25:42.712 ServerApp] Saving file at /Untitled.ipynb
[W 2021-06-20 10:25:42.716 ServerApp] Notebook Untitled.ipynb is not trusted
[I 2021-06-20 10:27:42.796 ServerApp] Saving file at /Untitled.ipynb
[W 2021-06-20 10:27:42.798 ServerApp] Notebook Untitled.ipynb is not trusted
[I 2021-06-20 10:29:42.876 ServerApp] Saving file at /Untitled.ipynb
[W 2021-06-20 10:29:42.880 ServerApp] Notebook Untitled.ipynb is not trusted
[I 2021-06-20 10:31:42.894 ServerApp] Saving file at /Untitled.ipynb
[W 2021-06-20 10:31:42.898 ServerApp] Notebook Untitled.ipynb is not trusted
[I 2021-06-20 10:33:03.621 ServerApp] Copying 手工线性回归.ipynb to 
[I 2021-06-20 10:33:09.333 ServerApp] Kernel started: 4d47d989-1f05-41c2-bd57-125562106911
[I 2021-06-20 10:35:09.196 ServerApp] Saving file at /手工线性回归-v2.ipynb
[I 2021-06-20 10:37:05.436 ServerApp] Saving file at /手工线性回归-v2.ipynb
[I 2021-06-20 10:39:05.521 ServerApp] Saving file at /手工线性回归-v2.ipynb
[I 2021-06-20 10:40:35.602 ServerApp] Saving file at /手工线性回归-v2.ipynb
[I 2021-06-20 10:42:35.890 ServerApp] Saving file at /手工线性回归-v2.ipynb
[I 2021-06-20 10:42:40.538 ServerApp] Saving file at /手工线性回归-v2.ipynb
[I 2021-06-20 10:42:41.009 ServerApp] Saving file at /手工线性回归-v2.ipynb
[I 2021-06-20 10:50:41.619 ServerApp] Saving file at /手工线性回归-v2.ipynb
[I 2021-06-20 10:54:41.709 ServerApp] Saving file at /手工线性回归-v2.ipynb
[I 2021-06-20 10:57:52.480 ServerApp] Saving file at /手工线性回归-v2.ipynb
[I 2021-06-20 10:59:45.399 ServerApp] Saving file at /Untitled.ipynb
[W 2021-06-20 10:59:45.401 ServerApp] Notebook Untitled.ipynb is not trusted
[I 2021-06-20 11:03:45.508 ServerApp] Saving file at /Untitled.ipynb
[W 2021-06-20 11:03:45.509 ServerApp] Notebook Untitled.ipynb is not trusted
[I 2021-06-20 11:03:53.032 ServerApp] Saving file at /手工线性回归-v2.ipynb
[I 2021-06-20 11:04:46.692 ServerApp] Saving file at /手工线性回归-v2.ipynb
[I 2021-06-20 11:04:49.341 ServerApp] Saving file at /手工线性回归-v2.ipynb
[I 2021-06-20 11:05:06.635 ServerApp] Starting buffering for b6b6f2ca-222f-4c51-b7b4-b0cc6560c5a5:2c41a9f5-d0fb-48d0-a570-e536877bb580
[I 2021-06-20 11:07:39.947 ServerApp] Saving file at /pytorch.线性回归.ipynb
[I 2021-06-20 11:09:40.033 ServerApp] Saving file at /pytorch.线性回归.ipynb
[I 2021-06-20 11:11:08.132 ServerApp] Saving file at /pytorch.线性回归.ipynb
[I 2021-06-20 11:11:08.488 ServerApp] Saving file at /pytorch.线性回归.ipynb
[I 2021-06-20 11:11:32.955 ServerApp] Saving file at /手工线性回归-v2.ipynb
[I 2021-06-20 11:13:08.553 ServerApp] Saving file at /pytorch.线性回归.ipynb
[I 2021-06-20 11:15:10.081 ServerApp] Saving file at /pytorch.线性回归.ipynb
[I 2021-06-20 11:29:50.460 ServerApp] Saving file at /pytorch.线性回归.ipynb
[I 2021-06-20 11:32:40.314 ServerApp] Saving file at /Untitled.ipynb
[W 2021-06-20 11:32:40.316 ServerApp] Notebook Untitled.ipynb is not trusted
[I 2021-06-20 11:34:40.423 ServerApp] Saving file at /Untitled.ipynb
[W 2021-06-20 11:34:40.427 ServerApp] Notebook Untitled.ipynb is not trusted
[I 2021-06-20 11:37:51.673 ServerApp] Saving file at /pytorch.线性回归.ipynb
[I 2021-06-20 11:38:45.250 ServerApp] Saving file at /pytorch.线性回归.ipynb
[I 2021-06-20 11:40:03.753 ServerApp] Saving file at /pytorch.线性回归.ipynb
[I 2021-06-20 11:42:03.812 ServerApp] Saving file at /pytorch.线性回归.ipynb
[I 2021-06-20 11:44:04.528 ServerApp] Saving file at /pytorch.线性回归.ipynb
[I 2021-06-20 11:46:04.593 ServerApp] Saving file at /pytorch.线性回归.ipynb
[I 2021-06-20 11:47:51.492 ServerApp] Saving file at /pytorch.线性回归.ipynb
[I 2021-06-20 11:49:48.837 ServerApp] Saving file at /pytorch.线性回归.ipynb
[I 2021-06-20 11:54:40.464 ServerApp] Saving file at /手工线性回归-v2.ipynb
[I 2021-06-20 11:56:32.763 ServerApp] Saving file at /手工线性回归-v2.ipynb
[I 2021-06-20 11:57:47.187 ServerApp] Saving file at /手工线性回归-v2.ipynb
[I 2021-06-20 12:11:47.278 ServerApp] Saving file at /手工线性回归-v2.ipynb
[I 2021-06-20 12:12:28.446 ServerApp] Saving file at /手工线性回归-v2.ipynb
[I 2021-06-20 12:13:14.337 ServerApp] Saving file at /手工线性回归-v2.ipynb
[I 2021-06-20 17:11:31.801 ServerApp] Creating new notebook in 
[I 2021-06-20 17:11:32.396 ServerApp] Kernel started: 546ceb0d-e6fb-4210-b644-a61482aadba6
[I 2021-06-20 17:13:32.072 ServerApp] Saving file at /Untitled1.ipynb
[I 2021-06-20 17:15:32.132 ServerApp] Saving file at /Untitled1.ipynb
[I 2021-06-20 17:17:32.194 ServerApp] Saving file at /Untitled1.ipynb
[I 2021-06-20 17:19:32.262 ServerApp] Saving file at /Untitled1.ipynb
[I 2021-06-20 17:27:32.648 ServerApp] Saving file at /Untitled1.ipynb
[I 2021-06-20 17:29:32.711 ServerApp] Saving file at /FashionMNIST.ipynb
[I 2021-06-20 17:31:32.768 ServerApp] Saving file at /FashionMNIST.ipynb
[I 2021-06-20 17:33:32.825 ServerApp] Saving file at /FashionMNIST.ipynb
[I 2021-06-20 17:35:34.400 ServerApp] Saving file at /FashionMNIST.ipynb
[I 2021-06-20 17:43:37.719 ServerApp] Saving file at /FashionMNIST.ipynb
[I 2021-06-20 17:45:39.060 ServerApp] Saving file at /FashionMNIST.ipynb
[W 2021-06-20 18:02:09.558 ServerApp] Notebook chapter_linear-networks/image-classification-dataset.ipynb is not trusted
[I 2021-06-20 18:02:10.223 ServerApp] Kernel started: 6af4cd33-f9f6-4b07-9f93-a0f5ac90779b
[I 2021-06-20 18:04:10.022 ServerApp] Saving file at /chapter_linear-networks/image-classification-dataset.ipynb
[W 2021-06-20 18:04:10.024 ServerApp] Notebook chapter_linear-networks/image-classification-dataset.ipynb is not trusted
[I 2021-06-20 18:14:10.217 ServerApp] Saving file at /chapter_linear-networks/image-classification-dataset.ipynb
[I 2021-06-20 18:49:36.985 ServerApp] Starting buffering for 6af4cd33-f9f6-4b07-9f93-a0f5ac90779b:4505d096-9057-4586-80f5-27de09146b07
[I 2021-06-20 18:49:37.049 ServerApp] Starting buffering for 546ceb0d-e6fb-4210-b644-a61482aadba6:73431a1d-11b7-486e-9957-0491bfac0c5a
[I 2021-06-20 18:49:37.056 ServerApp] Starting buffering for 4d47d989-1f05-41c2-bd57-125562106911:c1c0873f-a5cf-492b-a068-0574e526f7ca
[I 2021-06-20 18:49:37.068 ServerApp] Starting buffering for b4fd19e4-23c1-4d18-8d21-9f403c43e90c:85936f82-5370-4733-b6eb-1ec771c00c5c
[I 2021-06-20 18:49:37.074 ServerApp] Starting buffering for adefdd72-30a2-46e0-aee3-260e0f427a37:047c3c58-c7b5-4923-97c8-e36cd908b6a6
[I 2021-06-20 18:49:37.141 ServerApp] Restoring connection for 6af4cd33-f9f6-4b07-9f93-a0f5ac90779b:4505d096-9057-4586-80f5-27de09146b07
[I 2021-06-20 18:49:37.168 ServerApp] Restoring connection for 546ceb0d-e6fb-4210-b644-a61482aadba6:73431a1d-11b7-486e-9957-0491bfac0c5a
[I 2021-06-20 18:49:37.199 ServerApp] Restoring connection for 4d47d989-1f05-41c2-bd57-125562106911:c1c0873f-a5cf-492b-a068-0574e526f7ca
[I 2021-06-20 18:49:37.293 ServerApp] Restoring connection for b4fd19e4-23c1-4d18-8d21-9f403c43e90c:85936f82-5370-4733-b6eb-1ec771c00c5c
[I 2021-06-20 18:49:37.343 ServerApp] Restoring connection for adefdd72-30a2-46e0-aee3-260e0f427a37:047c3c58-c7b5-4923-97c8-e36cd908b6a6
[I 2021-06-20 20:36:37.840 ServerApp] Saving file at /chapter_linear-networks/image-classification-dataset.ipynb
[W 2021-06-20 20:39:34.149 ServerApp] Notebook chapter_linear-networks/softmax-regression-scratch.ipynb is not trusted
[I 2021-06-20 20:39:35.306 ServerApp] Kernel started: e7f4c01e-4daf-4507-9565-d64e6dc91f5d
[I 2021-06-20 20:41:34.779 ServerApp] Saving file at /chapter_linear-networks/softmax-regression-scratch.ipynb
[W 2021-06-20 20:41:34.783 ServerApp] Notebook chapter_linear-networks/softmax-regression-scratch.ipynb is not trusted
[I 2021-06-20 20:55:34.957 ServerApp] Saving file at /chapter_linear-networks/softmax-regression-scratch.ipynb
[W 2021-06-20 20:55:34.959 ServerApp] Notebook chapter_linear-networks/softmax-regression-scratch.ipynb is not trusted
[I 2021-06-20 21:02:37.929 ServerApp] Saving file at /Untitled.ipynb
[W 2021-06-20 21:02:37.933 ServerApp] Notebook Untitled.ipynb is not trusted
[I 2021-06-20 21:13:35.049 ServerApp] Saving file at /chapter_linear-networks/softmax-regression-scratch.ipynb
[W 2021-06-20 21:13:35.052 ServerApp] Notebook chapter_linear-networks/softmax-regression-scratch.ipynb is not trusted
[I 2021-06-20 21:15:35.165 ServerApp] Saving file at /chapter_linear-networks/softmax-regression-scratch.ipynb
[W 2021-06-20 21:15:35.173 ServerApp] Notebook chapter_linear-networks/softmax-regression-scratch.ipynb is not trusted
[I 2021-06-20 21:17:35.319 ServerApp] Saving file at /chapter_linear-networks/softmax-regression-scratch.ipynb
[W 2021-06-20 21:22:06.387 ServerApp] Notebook chapter_linear-networks/softmax-regression-concise.ipynb is not trusted
[I 2021-06-20 21:22:06.836 ServerApp] Kernel started: 3458334c-329e-480b-93e1-a5b969a107d6
[W 2021-06-20 21:22:17.107 ServerApp] Notebook chapter_linear-networks/softmax-regression.ipynb is not trusted
[W 2021-06-20 21:22:17.285 ServerApp] 404 GET /files/img/softmaxreg.svg?_xsrf=2%7C5ce41e4f%7C35c0f99a874dbaf6006406c6870c3451%7C1622859185&1624195337250 (172.17.0.1) 14.87ms referer=http://0.0.0.0:18201/lab/tree/chapter_linear-networks/softmax-regression.ipynb
[I 2021-06-20 21:22:17.462 ServerApp] Kernel started: ce33f961-c035-4704-9df8-98c8df9a0383
[W 2021-06-20 21:22:19.221 ServerApp] 404 GET /static/notebook/components/MathJax/fonts/HTML-CSS/TeX/otf/MathJax_Script-Regular.otf (172.17.0.1) 2.70ms referer=http://0.0.0.0:18201/lab/tree/pytorch.%E7%BA%BF%E6%80%A7%E5%9B%9E%E5%BD%92.ipynb
[W 2021-06-20 21:22:19.225 ServerApp] 404 GET /static/notebook/components/MathJax/fonts/HTML-CSS/TeX/otf/MathJax_AMS-Regular.otf (172.17.0.1) 1.68ms referer=http://0.0.0.0:18201/lab/tree/pytorch.%E7%BA%BF%E6%80%A7%E5%9B%9E%E5%BD%92.ipynb
[I 2021-06-20 21:22:37.278 ServerApp] Copying chapter_linear-networks/softmax-regression-concise.ipynb to 
[W 2021-06-20 21:22:37.293 ServerApp] Notebook chapter_linear-networks/softmax-regression-concise.ipynb is not trusted
[W 2021-06-20 21:22:37.302 ServerApp] Notebook softmax-regression-concise.ipynb is not trusted
[W 2021-06-20 21:22:38.832 ServerApp] Notebook softmax-regression-concise.ipynb is not trusted
[I 2021-06-20 21:22:39.210 ServerApp] Kernel started: c8bf82ce-3127-4515-805b-3fcffae886ab
[I 2021-06-20 21:24:06.625 ServerApp] Saving file at /chapter_linear-networks/softmax-regression-concise.ipynb
[W 2021-06-20 21:24:06.627 ServerApp] Notebook chapter_linear-networks/softmax-regression-concise.ipynb is not trusted
[I 2021-06-20 21:24:17.279 ServerApp] Saving file at /chapter_linear-networks/softmax-regression.ipynb
[I 2021-06-20 21:24:39.053 ServerApp] Saving file at /softmax-regression-concise.ipynb
[I 2021-06-20 21:26:39.167 ServerApp] Saving file at /softmax-regression-concise.ipynb
[I 2021-06-20 21:28:39.440 ServerApp] Saving file at /softmax-regression-concise.ipynb
[I 2021-06-20 21:34:41.013 ServerApp] Saving file at /softmax-regression-concise.ipynb
[I 2021-06-20 21:58:41.908 ServerApp] Saving file at /softmax-regression-concise.ipynb
[I 2021-06-20 22:20:42.149 ServerApp] Saving file at /softmax-regression-concise.ipynb
[I 2021-06-20 22:22:42.844 ServerApp] Saving file at /softmax-regression-concise.ipynb
[I 2021-06-20 22:24:26.391 ServerApp] Saving file at /softmax-regression-concise.ipynb
[I 2021-06-20 22:24:42.047 ServerApp] Saving file at /FashionMNIST.ipynb
[I 2021-06-20 22:26:42.154 ServerApp] Saving file at /FashionMNIST.ipynb
[I 2021-06-20 22:28:43.147 ServerApp] Saving file at /FashionMNIST.ipynb
[I 2021-06-20 22:32:44.065 ServerApp] Saving file at /FashionMNIST.ipynb
[I 2021-06-20 22:34:44.156 ServerApp] Saving file at /FashionMNIST.ipynb
[I 2021-06-20 22:36:43.954 ServerApp] Saving file at /FashionMNIST.ipynb
[I 2021-06-20 22:38:44.042 ServerApp] Saving file at /FashionMNIST.ipynb
[I 2021-06-20 22:40:44.123 ServerApp] Saving file at /FashionMNIST.ipynb
[I 2021-06-20 22:42:44.203 ServerApp] Saving file at /FashionMNIST.ipynb
[I 2021-06-20 22:44:44.291 ServerApp] Saving file at /FashionMNIST.ipynb
[I 2021-06-20 22:46:27.875 ServerApp] Saving file at /softmax-regression-concise.ipynb
[I 2021-06-20 22:46:44.398 ServerApp] Saving file at /FashionMNIST.ipynb
[I 2021-06-20 22:48:27.949 ServerApp] Saving file at /softmax-regression-concise.ipynb
[I 2021-06-20 22:50:28.027 ServerApp] Saving file at /softmax-regression-concise.ipynb
[I 2021-06-20 22:52:28.123 ServerApp] Saving file at /softmax-regression-concise.ipynb
[I 2021-06-20 22:52:47.965 ServerApp] Copying chapter_linear-networks/softmax-regression-scratch.ipynb to 
[I 2021-06-20 22:52:52.506 ServerApp] Kernel started: a067f91f-1903-4267-9b7b-35b4452e983b
[I 2021-06-20 22:54:28.233 ServerApp] Saving file at /softmax-regression-concise.ipynb
[I 2021-06-20 23:00:28.275 ServerApp] Saving file at /softmax-regression-concise.ipynb
[I 2021-06-20 23:02:28.351 ServerApp] Saving file at /softmax-regression-concise.ipynb
[I 2021-06-20 23:04:28.467 ServerApp] Saving file at /softmax-regression-concise.ipynb
[I 2021-06-20 23:07:14.160 ServerApp] Starting buffering for c8bf82ce-3127-4515-805b-3fcffae886ab:fd0a48e1-b449-437c-a7c8-2305c9057d3e
[I 2021-06-20 23:07:14.200 ServerApp] Starting buffering for 3458334c-329e-480b-93e1-a5b969a107d6:73c9da46-b883-4f73-b492-d8c1fc934d74
[I 2021-06-20 23:07:14.204 ServerApp] Starting buffering for ce33f961-c035-4704-9df8-98c8df9a0383:ddbb4e23-b77c-4538-acd0-67faa16affc9
[I 2021-06-20 23:07:14.207 ServerApp] Starting buffering for e7f4c01e-4daf-4507-9565-d64e6dc91f5d:15d54581-6120-4f52-bea3-217a46539bf0
[I 2021-06-20 23:07:14.210 ServerApp] Starting buffering for b4fd19e4-23c1-4d18-8d21-9f403c43e90c:85936f82-5370-4733-b6eb-1ec771c00c5c
[I 2021-06-20 23:07:14.214 ServerApp] Starting buffering for adefdd72-30a2-46e0-aee3-260e0f427a37:047c3c58-c7b5-4923-97c8-e36cd908b6a6
[I 2021-06-20 23:07:14.220 ServerApp] Starting buffering for a067f91f-1903-4267-9b7b-35b4452e983b:0f439926-5176-4013-92be-e2d3ab4e8423
[I 2021-06-20 23:07:14.225 ServerApp] Starting buffering for 546ceb0d-e6fb-4210-b644-a61482aadba6:73431a1d-11b7-486e-9957-0491bfac0c5a
[I 2021-06-20 23:07:14.227 ServerApp] Starting buffering for 4d47d989-1f05-41c2-bd57-125562106911:c1c0873f-a5cf-492b-a068-0574e526f7ca
[I 2021-06-20 23:07:14.230 ServerApp] Starting buffering for 6af4cd33-f9f6-4b07-9f93-a0f5ac90779b:4505d096-9057-4586-80f5-27de09146b07
[I 2021-06-20 23:07:14.379 ServerApp] Restoring connection for c8bf82ce-3127-4515-805b-3fcffae886ab:fd0a48e1-b449-437c-a7c8-2305c9057d3e
[I 2021-06-20 23:07:14.415 ServerApp] Restoring connection for ce33f961-c035-4704-9df8-98c8df9a0383:ddbb4e23-b77c-4538-acd0-67faa16affc9
[I 2021-06-20 23:07:14.446 ServerApp] Restoring connection for 3458334c-329e-480b-93e1-a5b969a107d6:73c9da46-b883-4f73-b492-d8c1fc934d74
[I 2021-06-20 23:07:14.490 ServerApp] Restoring connection for e7f4c01e-4daf-4507-9565-d64e6dc91f5d:15d54581-6120-4f52-bea3-217a46539bf0
[I 2021-06-20 23:07:14.512 ServerApp] Restoring connection for adefdd72-30a2-46e0-aee3-260e0f427a37:047c3c58-c7b5-4923-97c8-e36cd908b6a6
[I 2021-06-20 23:07:14.539 ServerApp] Restoring connection for b4fd19e4-23c1-4d18-8d21-9f403c43e90c:85936f82-5370-4733-b6eb-1ec771c00c5c
[I 2021-06-20 23:07:14.638 ServerApp] Restoring connection for a067f91f-1903-4267-9b7b-35b4452e983b:0f439926-5176-4013-92be-e2d3ab4e8423
[I 2021-06-20 23:07:14.673 ServerApp] Restoring connection for 546ceb0d-e6fb-4210-b644-a61482aadba6:73431a1d-11b7-486e-9957-0491bfac0c5a
[I 2021-06-20 23:07:14.689 ServerApp] Restoring connection for 6af4cd33-f9f6-4b07-9f93-a0f5ac90779b:4505d096-9057-4586-80f5-27de09146b07
[I 2021-06-21 16:53:15.825 ServerApp] Starting buffering for 6af4cd33-f9f6-4b07-9f93-a0f5ac90779b:4505d096-9057-4586-80f5-27de09146b07
[I 2021-06-21 16:53:15.992 ServerApp] Starting buffering for 4d47d989-1f05-41c2-bd57-125562106911:dee490dd-7a9a-4b73-8b57-3cebc3ce357a
[I 2021-06-21 16:53:16.011 ServerApp] Starting buffering for 546ceb0d-e6fb-4210-b644-a61482aadba6:73431a1d-11b7-486e-9957-0491bfac0c5a
[I 2021-06-21 16:53:16.023 ServerApp] Starting buffering for adefdd72-30a2-46e0-aee3-260e0f427a37:047c3c58-c7b5-4923-97c8-e36cd908b6a6
[I 2021-06-21 16:53:16.047 ServerApp] Starting buffering for e7f4c01e-4daf-4507-9565-d64e6dc91f5d:15d54581-6120-4f52-bea3-217a46539bf0
[I 2021-06-21 16:53:16.058 ServerApp] Starting buffering for 3458334c-329e-480b-93e1-a5b969a107d6:73c9da46-b883-4f73-b492-d8c1fc934d74
[I 2021-06-21 16:53:16.067 ServerApp] Starting buffering for ce33f961-c035-4704-9df8-98c8df9a0383:ddbb4e23-b77c-4538-acd0-67faa16affc9
[I 2021-06-21 16:53:16.081 ServerApp] Starting buffering for a067f91f-1903-4267-9b7b-35b4452e983b:0f439926-5176-4013-92be-e2d3ab4e8423
[I 2021-06-21 16:53:16.086 ServerApp] Starting buffering for c8bf82ce-3127-4515-805b-3fcffae886ab:fd0a48e1-b449-437c-a7c8-2305c9057d3e
[I 2021-06-21 16:53:16.098 ServerApp] Starting buffering for b4fd19e4-23c1-4d18-8d21-9f403c43e90c:85936f82-5370-4733-b6eb-1ec771c00c5c
[I 2021-06-21 16:53:16.169 ServerApp] Restoring connection for 6af4cd33-f9f6-4b07-9f93-a0f5ac90779b:4505d096-9057-4586-80f5-27de09146b07
[I 2021-06-21 16:53:16.206 ServerApp] Restoring connection for 546ceb0d-e6fb-4210-b644-a61482aadba6:73431a1d-11b7-486e-9957-0491bfac0c5a
[I 2021-06-21 16:53:16.245 ServerApp] Restoring connection for a067f91f-1903-4267-9b7b-35b4452e983b:0f439926-5176-4013-92be-e2d3ab4e8423
[I 2021-06-21 16:53:16.285 ServerApp] Restoring connection for b4fd19e4-23c1-4d18-8d21-9f403c43e90c:85936f82-5370-4733-b6eb-1ec771c00c5c
[I 2021-06-21 16:53:16.310 ServerApp] Restoring connection for e7f4c01e-4daf-4507-9565-d64e6dc91f5d:15d54581-6120-4f52-bea3-217a46539bf0
[I 2021-06-21 16:53:16.339 ServerApp] Restoring connection for adefdd72-30a2-46e0-aee3-260e0f427a37:047c3c58-c7b5-4923-97c8-e36cd908b6a6
[I 2021-06-21 16:53:16.397 ServerApp] Restoring connection for 3458334c-329e-480b-93e1-a5b969a107d6:73c9da46-b883-4f73-b492-d8c1fc934d74
[I 2021-06-21 16:53:16.474 ServerApp] Restoring connection for ce33f961-c035-4704-9df8-98c8df9a0383:ddbb4e23-b77c-4538-acd0-67faa16affc9
[I 2021-06-21 16:53:16.536 ServerApp] Restoring connection for c8bf82ce-3127-4515-805b-3fcffae886ab:fd0a48e1-b449-437c-a7c8-2305c9057d3e
[I 2021-06-22 11:14:27.000 ServerApp] Starting buffering for adefdd72-30a2-46e0-aee3-260e0f427a37:047c3c58-c7b5-4923-97c8-e36cd908b6a6
[I 2021-06-22 11:14:27.076 ServerApp] Starting buffering for c8bf82ce-3127-4515-805b-3fcffae886ab:fd0a48e1-b449-437c-a7c8-2305c9057d3e
[I 2021-06-22 11:14:27.084 ServerApp] Starting buffering for 3458334c-329e-480b-93e1-a5b969a107d6:73c9da46-b883-4f73-b492-d8c1fc934d74
[I 2021-06-22 11:14:27.105 ServerApp] Starting buffering for ce33f961-c035-4704-9df8-98c8df9a0383:ddbb4e23-b77c-4538-acd0-67faa16affc9
[I 2021-06-22 11:14:27.137 ServerApp] Starting buffering for b4fd19e4-23c1-4d18-8d21-9f403c43e90c:85936f82-5370-4733-b6eb-1ec771c00c5c
[I 2021-06-22 11:14:27.145 ServerApp] Starting buffering for a067f91f-1903-4267-9b7b-35b4452e983b:0f439926-5176-4013-92be-e2d3ab4e8423
[I 2021-06-22 11:14:27.161 ServerApp] Starting buffering for 6af4cd33-f9f6-4b07-9f93-a0f5ac90779b:4505d096-9057-4586-80f5-27de09146b07
[I 2021-06-22 11:14:27.171 ServerApp] Starting buffering for 4d47d989-1f05-41c2-bd57-125562106911:c1c0873f-a5cf-492b-a068-0574e526f7ca
[I 2021-06-22 11:14:27.186 ServerApp] Starting buffering for 546ceb0d-e6fb-4210-b644-a61482aadba6:73431a1d-11b7-486e-9957-0491bfac0c5a
[I 2021-06-22 11:14:27.193 ServerApp] Starting buffering for e7f4c01e-4daf-4507-9565-d64e6dc91f5d:15d54581-6120-4f52-bea3-217a46539bf0
[I 2021-06-22 11:14:27.257 ServerApp] Restoring connection for c8bf82ce-3127-4515-805b-3fcffae886ab:fd0a48e1-b449-437c-a7c8-2305c9057d3e
[I 2021-06-22 11:14:27.291 ServerApp] Restoring connection for ce33f961-c035-4704-9df8-98c8df9a0383:ddbb4e23-b77c-4538-acd0-67faa16affc9
[I 2021-06-22 11:14:27.322 ServerApp] Restoring connection for 3458334c-329e-480b-93e1-a5b969a107d6:73c9da46-b883-4f73-b492-d8c1fc934d74
[I 2021-06-22 11:14:27.463 ServerApp] Restoring connection for adefdd72-30a2-46e0-aee3-260e0f427a37:047c3c58-c7b5-4923-97c8-e36cd908b6a6
[I 2021-06-22 11:14:27.522 ServerApp] Restoring connection for e7f4c01e-4daf-4507-9565-d64e6dc91f5d:15d54581-6120-4f52-bea3-217a46539bf0
[I 2021-06-22 11:14:27.574 ServerApp] Restoring connection for b4fd19e4-23c1-4d18-8d21-9f403c43e90c:85936f82-5370-4733-b6eb-1ec771c00c5c
[I 2021-06-22 11:14:27.637 ServerApp] Restoring connection for a067f91f-1903-4267-9b7b-35b4452e983b:0f439926-5176-4013-92be-e2d3ab4e8423
[I 2021-06-22 11:14:27.673 ServerApp] Restoring connection for 4d47d989-1f05-41c2-bd57-125562106911:c1c0873f-a5cf-492b-a068-0574e526f7ca
[I 2021-06-22 11:14:27.705 ServerApp] Restoring connection for 546ceb0d-e6fb-4210-b644-a61482aadba6:73431a1d-11b7-486e-9957-0491bfac0c5a
[I 2021-06-22 11:14:27.804 ServerApp] Restoring connection for 6af4cd33-f9f6-4b07-9f93-a0f5ac90779b:4505d096-9057-4586-80f5-27de09146b07
[I 2021-06-22 14:13:47.810 ServerApp] Starting buffering for adefdd72-30a2-46e0-aee3-260e0f427a37:047c3c58-c7b5-4923-97c8-e36cd908b6a6
[I 2021-06-22 14:13:47.815 ServerApp] Starting buffering for 3458334c-329e-480b-93e1-a5b969a107d6:73c9da46-b883-4f73-b492-d8c1fc934d74
[I 2021-06-22 14:13:47.825 ServerApp] Starting buffering for 6af4cd33-f9f6-4b07-9f93-a0f5ac90779b:4505d096-9057-4586-80f5-27de09146b07
[I 2021-06-22 14:13:47.831 ServerApp] Starting buffering for e7f4c01e-4daf-4507-9565-d64e6dc91f5d:15d54581-6120-4f52-bea3-217a46539bf0
[I 2021-06-22 14:13:47.833 ServerApp] Starting buffering for ce33f961-c035-4704-9df8-98c8df9a0383:ddbb4e23-b77c-4538-acd0-67faa16affc9
[I 2021-06-22 14:13:47.836 ServerApp] Starting buffering for 546ceb0d-e6fb-4210-b644-a61482aadba6:73431a1d-11b7-486e-9957-0491bfac0c5a
[I 2021-06-22 14:13:47.838 ServerApp] Starting buffering for b4fd19e4-23c1-4d18-8d21-9f403c43e90c:85936f82-5370-4733-b6eb-1ec771c00c5c
[I 2021-06-22 14:13:47.841 ServerApp] Starting buffering for 4d47d989-1f05-41c2-bd57-125562106911:c1c0873f-a5cf-492b-a068-0574e526f7ca
[I 2021-06-22 14:13:47.843 ServerApp] Starting buffering for a067f91f-1903-4267-9b7b-35b4452e983b:0f439926-5176-4013-92be-e2d3ab4e8423
[I 2021-06-22 14:13:47.845 ServerApp] Starting buffering for c8bf82ce-3127-4515-805b-3fcffae886ab:fd0a48e1-b449-437c-a7c8-2305c9057d3e
[I 2021-06-22 14:13:47.952 ServerApp] Restoring connection for 6af4cd33-f9f6-4b07-9f93-a0f5ac90779b:4505d096-9057-4586-80f5-27de09146b07
[I 2021-06-22 14:13:47.992 ServerApp] Restoring connection for 546ceb0d-e6fb-4210-b644-a61482aadba6:73431a1d-11b7-486e-9957-0491bfac0c5a
[I 2021-06-22 14:13:48.038 ServerApp] Restoring connection for a067f91f-1903-4267-9b7b-35b4452e983b:0f439926-5176-4013-92be-e2d3ab4e8423
[I 2021-06-22 14:13:48.067 ServerApp] Restoring connection for b4fd19e4-23c1-4d18-8d21-9f403c43e90c:85936f82-5370-4733-b6eb-1ec771c00c5c
[I 2021-06-22 14:13:48.184 ServerApp] Restoring connection for e7f4c01e-4daf-4507-9565-d64e6dc91f5d:15d54581-6120-4f52-bea3-217a46539bf0
[I 2021-06-22 14:13:48.233 ServerApp] Restoring connection for adefdd72-30a2-46e0-aee3-260e0f427a37:047c3c58-c7b5-4923-97c8-e36cd908b6a6
[I 2021-06-22 14:13:48.265 ServerApp] Restoring connection for ce33f961-c035-4704-9df8-98c8df9a0383:ddbb4e23-b77c-4538-acd0-67faa16affc9
[I 2021-06-22 14:13:48.306 ServerApp] Restoring connection for 3458334c-329e-480b-93e1-a5b969a107d6:73c9da46-b883-4f73-b492-d8c1fc934d74
[I 2021-06-22 14:13:48.327 ServerApp] Restoring connection for c8bf82ce-3127-4515-805b-3fcffae886ab:fd0a48e1-b449-437c-a7c8-2305c9057d3e
[I 2021-06-22 17:29:58.963 ServerApp] Starting buffering for c8bf82ce-3127-4515-805b-3fcffae886ab:fd0a48e1-b449-437c-a7c8-2305c9057d3e
[I 2021-06-22 17:29:58.971 ServerApp] Starting buffering for ce33f961-c035-4704-9df8-98c8df9a0383:ddbb4e23-b77c-4538-acd0-67faa16affc9
[I 2021-06-22 17:29:58.977 ServerApp] Starting buffering for 3458334c-329e-480b-93e1-a5b969a107d6:73c9da46-b883-4f73-b492-d8c1fc934d74
[I 2021-06-22 17:29:58.980 ServerApp] Starting buffering for adefdd72-30a2-46e0-aee3-260e0f427a37:047c3c58-c7b5-4923-97c8-e36cd908b6a6
[I 2021-06-22 17:29:58.984 ServerApp] Starting buffering for e7f4c01e-4daf-4507-9565-d64e6dc91f5d:15d54581-6120-4f52-bea3-217a46539bf0
[I 2021-06-22 17:29:58.995 ServerApp] Starting buffering for a067f91f-1903-4267-9b7b-35b4452e983b:0f439926-5176-4013-92be-e2d3ab4e8423
[I 2021-06-22 17:29:59.019 ServerApp] Starting buffering for b4fd19e4-23c1-4d18-8d21-9f403c43e90c:85936f82-5370-4733-b6eb-1ec771c00c5c
[I 2021-06-22 17:29:59.031 ServerApp] Starting buffering for 4d47d989-1f05-41c2-bd57-125562106911:dee490dd-7a9a-4b73-8b57-3cebc3ce357a
[I 2021-06-22 17:29:59.035 ServerApp] Starting buffering for 6af4cd33-f9f6-4b07-9f93-a0f5ac90779b:4505d096-9057-4586-80f5-27de09146b07
[I 2021-06-22 17:29:59.039 ServerApp] Starting buffering for 546ceb0d-e6fb-4210-b644-a61482aadba6:73431a1d-11b7-486e-9957-0491bfac0c5a
[I 2021-06-22 17:29:59.201 ServerApp] Restoring connection for c8bf82ce-3127-4515-805b-3fcffae886ab:fd0a48e1-b449-437c-a7c8-2305c9057d3e
[I 2021-06-22 17:29:59.224 ServerApp] Restoring connection for 3458334c-329e-480b-93e1-a5b969a107d6:73c9da46-b883-4f73-b492-d8c1fc934d74
[I 2021-06-22 17:29:59.269 ServerApp] Restoring connection for ce33f961-c035-4704-9df8-98c8df9a0383:ddbb4e23-b77c-4538-acd0-67faa16affc9
[I 2021-06-22 17:29:59.314 ServerApp] Restoring connection for adefdd72-30a2-46e0-aee3-260e0f427a37:047c3c58-c7b5-4923-97c8-e36cd908b6a6
[I 2021-06-22 17:29:59.339 ServerApp] Restoring connection for e7f4c01e-4daf-4507-9565-d64e6dc91f5d:15d54581-6120-4f52-bea3-217a46539bf0
[I 2021-06-22 17:29:59.373 ServerApp] Restoring connection for b4fd19e4-23c1-4d18-8d21-9f403c43e90c:85936f82-5370-4733-b6eb-1ec771c00c5c
[I 2021-06-22 17:29:59.394 ServerApp] Restoring connection for a067f91f-1903-4267-9b7b-35b4452e983b:0f439926-5176-4013-92be-e2d3ab4e8423
[I 2021-06-22 17:29:59.423 ServerApp] Restoring connection for 546ceb0d-e6fb-4210-b644-a61482aadba6:73431a1d-11b7-486e-9957-0491bfac0c5a
[I 2021-06-22 17:29:59.518 ServerApp] Restoring connection for 6af4cd33-f9f6-4b07-9f93-a0f5ac90779b:4505d096-9057-4586-80f5-27de09146b07
[I 2021-06-22 17:30:46.188 ServerApp] Starting buffering for 4d47d989-1f05-41c2-bd57-125562106911:dee490dd-7a9a-4b73-8b57-3cebc3ce357a
[I 2021-06-22 17:30:46.210 ServerApp] Starting buffering for 546ceb0d-e6fb-4210-b644-a61482aadba6:73431a1d-11b7-486e-9957-0491bfac0c5a
[I 2021-06-22 17:30:46.218 ServerApp] Starting buffering for 3458334c-329e-480b-93e1-a5b969a107d6:73c9da46-b883-4f73-b492-d8c1fc934d74
[I 2021-06-22 17:30:46.228 ServerApp] Starting buffering for e7f4c01e-4daf-4507-9565-d64e6dc91f5d:15d54581-6120-4f52-bea3-217a46539bf0
[I 2021-06-22 17:30:46.233 ServerApp] Starting buffering for 6af4cd33-f9f6-4b07-9f93-a0f5ac90779b:4505d096-9057-4586-80f5-27de09146b07
[I 2021-06-22 17:30:46.238 ServerApp] Starting buffering for b4fd19e4-23c1-4d18-8d21-9f403c43e90c:85936f82-5370-4733-b6eb-1ec771c00c5c
[I 2021-06-22 17:30:46.244 ServerApp] Starting buffering for adefdd72-30a2-46e0-aee3-260e0f427a37:047c3c58-c7b5-4923-97c8-e36cd908b6a6
[I 2021-06-22 17:30:46.247 ServerApp] Starting buffering for ce33f961-c035-4704-9df8-98c8df9a0383:ddbb4e23-b77c-4538-acd0-67faa16affc9
[I 2021-06-22 17:30:46.252 ServerApp] Starting buffering for a067f91f-1903-4267-9b7b-35b4452e983b:0f439926-5176-4013-92be-e2d3ab4e8423
[I 2021-06-22 17:30:46.255 ServerApp] Starting buffering for c8bf82ce-3127-4515-805b-3fcffae886ab:fd0a48e1-b449-437c-a7c8-2305c9057d3e
[I 2021-06-22 17:30:46.264 ServerApp] Restoring connection for 4d47d989-1f05-41c2-bd57-125562106911:dee490dd-7a9a-4b73-8b57-3cebc3ce357a
[I 2021-06-22 17:30:46.320 ServerApp] Restoring connection for 6af4cd33-f9f6-4b07-9f93-a0f5ac90779b:4505d096-9057-4586-80f5-27de09146b07
[I 2021-06-22 17:30:46.356 ServerApp] Restoring connection for 546ceb0d-e6fb-4210-b644-a61482aadba6:73431a1d-11b7-486e-9957-0491bfac0c5a
[I 2021-06-22 17:30:46.377 ServerApp] Restoring connection for b4fd19e4-23c1-4d18-8d21-9f403c43e90c:85936f82-5370-4733-b6eb-1ec771c00c5c
[I 2021-06-22 17:30:46.413 ServerApp] Restoring connection for e7f4c01e-4daf-4507-9565-d64e6dc91f5d:15d54581-6120-4f52-bea3-217a46539bf0
[I 2021-06-22 17:30:46.440 ServerApp] Restoring connection for adefdd72-30a2-46e0-aee3-260e0f427a37:047c3c58-c7b5-4923-97c8-e36cd908b6a6
[I 2021-06-22 17:30:46.464 ServerApp] Restoring connection for ce33f961-c035-4704-9df8-98c8df9a0383:ddbb4e23-b77c-4538-acd0-67faa16affc9
[I 2021-06-22 17:30:46.506 ServerApp] Restoring connection for a067f91f-1903-4267-9b7b-35b4452e983b:0f439926-5176-4013-92be-e2d3ab4e8423
[I 2021-06-22 17:30:46.570 ServerApp] Restoring connection for c8bf82ce-3127-4515-805b-3fcffae886ab:fd0a48e1-b449-437c-a7c8-2305c9057d3e
[I 2021-06-22 17:30:46.593 ServerApp] Restoring connection for 3458334c-329e-480b-93e1-a5b969a107d6:73c9da46-b883-4f73-b492-d8c1fc934d74
[I 2021-06-22 23:06:49.113 ServerApp] Starting buffering for 3458334c-329e-480b-93e1-a5b969a107d6:73c9da46-b883-4f73-b492-d8c1fc934d74
[I 2021-06-22 23:06:49.153 ServerApp] Starting buffering for c8bf82ce-3127-4515-805b-3fcffae886ab:fd0a48e1-b449-437c-a7c8-2305c9057d3e
[I 2021-06-22 23:06:49.159 ServerApp] Starting buffering for a067f91f-1903-4267-9b7b-35b4452e983b:0f439926-5176-4013-92be-e2d3ab4e8423
[I 2021-06-22 23:06:49.163 ServerApp] Starting buffering for adefdd72-30a2-46e0-aee3-260e0f427a37:047c3c58-c7b5-4923-97c8-e36cd908b6a6
[I 2021-06-22 23:06:49.166 ServerApp] Starting buffering for e7f4c01e-4daf-4507-9565-d64e6dc91f5d:15d54581-6120-4f52-bea3-217a46539bf0
[I 2021-06-22 23:06:49.170 ServerApp] Starting buffering for b4fd19e4-23c1-4d18-8d21-9f403c43e90c:85936f82-5370-4733-b6eb-1ec771c00c5c
[I 2021-06-22 23:06:49.180 ServerApp] Starting buffering for 546ceb0d-e6fb-4210-b644-a61482aadba6:73431a1d-11b7-486e-9957-0491bfac0c5a
[I 2021-06-22 23:06:49.182 ServerApp] Starting buffering for ce33f961-c035-4704-9df8-98c8df9a0383:ddbb4e23-b77c-4538-acd0-67faa16affc9
[I 2021-06-22 23:06:49.183 ServerApp] Starting buffering for 6af4cd33-f9f6-4b07-9f93-a0f5ac90779b:4505d096-9057-4586-80f5-27de09146b07
[I 2021-06-22 23:06:49.191 ServerApp] Starting buffering for 4d47d989-1f05-41c2-bd57-125562106911:c1c0873f-a5cf-492b-a068-0574e526f7ca
[I 2021-06-22 23:06:49.224 ServerApp] Restoring connection for 3458334c-329e-480b-93e1-a5b969a107d6:73c9da46-b883-4f73-b492-d8c1fc934d74
[I 2021-06-22 23:06:49.242 ServerApp] Restoring connection for c8bf82ce-3127-4515-805b-3fcffae886ab:fd0a48e1-b449-437c-a7c8-2305c9057d3e
[I 2021-06-22 23:06:49.259 ServerApp] Restoring connection for a067f91f-1903-4267-9b7b-35b4452e983b:0f439926-5176-4013-92be-e2d3ab4e8423
[I 2021-06-22 23:06:49.284 ServerApp] Restoring connection for adefdd72-30a2-46e0-aee3-260e0f427a37:047c3c58-c7b5-4923-97c8-e36cd908b6a6
[I 2021-06-22 23:06:49.308 ServerApp] Restoring connection for e7f4c01e-4daf-4507-9565-d64e6dc91f5d:15d54581-6120-4f52-bea3-217a46539bf0
[I 2021-06-22 23:06:49.341 ServerApp] Restoring connection for b4fd19e4-23c1-4d18-8d21-9f403c43e90c:85936f82-5370-4733-b6eb-1ec771c00c5c
[I 2021-06-22 23:06:49.359 ServerApp] Restoring connection for 546ceb0d-e6fb-4210-b644-a61482aadba6:73431a1d-11b7-486e-9957-0491bfac0c5a
[I 2021-06-22 23:06:49.388 ServerApp] Restoring connection for 6af4cd33-f9f6-4b07-9f93-a0f5ac90779b:4505d096-9057-4586-80f5-27de09146b07
[I 2021-06-22 23:06:49.412 ServerApp] Restoring connection for 4d47d989-1f05-41c2-bd57-125562106911:c1c0873f-a5cf-492b-a068-0574e526f7ca
[I 2021-06-22 23:06:49.458 ServerApp] Restoring connection for ce33f961-c035-4704-9df8-98c8df9a0383:ddbb4e23-b77c-4538-acd0-67faa16affc9
[I 2021-06-23 22:06:59.463 ServerApp] Starting buffering for 4d47d989-1f05-41c2-bd57-125562106911:c1c0873f-a5cf-492b-a068-0574e526f7ca
[I 2021-06-23 22:06:59.484 ServerApp] Starting buffering for 6af4cd33-f9f6-4b07-9f93-a0f5ac90779b:4505d096-9057-4586-80f5-27de09146b07
[I 2021-06-23 22:06:59.489 ServerApp] Starting buffering for 546ceb0d-e6fb-4210-b644-a61482aadba6:73431a1d-11b7-486e-9957-0491bfac0c5a
[I 2021-06-23 22:06:59.496 ServerApp] Starting buffering for b4fd19e4-23c1-4d18-8d21-9f403c43e90c:85936f82-5370-4733-b6eb-1ec771c00c5c
[I 2021-06-23 22:06:59.506 ServerApp] Starting buffering for e7f4c01e-4daf-4507-9565-d64e6dc91f5d:15d54581-6120-4f52-bea3-217a46539bf0
[I 2021-06-23 22:06:59.512 ServerApp] Starting buffering for adefdd72-30a2-46e0-aee3-260e0f427a37:047c3c58-c7b5-4923-97c8-e36cd908b6a6
[I 2021-06-23 22:06:59.518 ServerApp] Starting buffering for a067f91f-1903-4267-9b7b-35b4452e983b:0f439926-5176-4013-92be-e2d3ab4e8423
[I 2021-06-23 22:06:59.522 ServerApp] Starting buffering for c8bf82ce-3127-4515-805b-3fcffae886ab:fd0a48e1-b449-437c-a7c8-2305c9057d3e
[I 2021-06-23 22:06:59.528 ServerApp] Starting buffering for 3458334c-329e-480b-93e1-a5b969a107d6:73c9da46-b883-4f73-b492-d8c1fc934d74
[I 2021-06-23 22:06:59.534 ServerApp] Starting buffering for ce33f961-c035-4704-9df8-98c8df9a0383:ddbb4e23-b77c-4538-acd0-67faa16affc9
[I 2021-06-23 22:06:59.756 ServerApp] Restoring connection for 6af4cd33-f9f6-4b07-9f93-a0f5ac90779b:4505d096-9057-4586-80f5-27de09146b07
[I 2021-06-23 22:06:59.786 ServerApp] Restoring connection for 546ceb0d-e6fb-4210-b644-a61482aadba6:73431a1d-11b7-486e-9957-0491bfac0c5a
[I 2021-06-23 22:06:59.834 ServerApp] Restoring connection for b4fd19e4-23c1-4d18-8d21-9f403c43e90c:85936f82-5370-4733-b6eb-1ec771c00c5c
[I 2021-06-23 22:06:59.883 ServerApp] Restoring connection for e7f4c01e-4daf-4507-9565-d64e6dc91f5d:15d54581-6120-4f52-bea3-217a46539bf0
[I 2021-06-23 22:06:59.965 ServerApp] Restoring connection for adefdd72-30a2-46e0-aee3-260e0f427a37:047c3c58-c7b5-4923-97c8-e36cd908b6a6
[I 2021-06-23 22:07:00.066 ServerApp] Restoring connection for a067f91f-1903-4267-9b7b-35b4452e983b:0f439926-5176-4013-92be-e2d3ab4e8423
[I 2021-06-23 22:07:00.469 ServerApp] Restoring connection for c8bf82ce-3127-4515-805b-3fcffae886ab:fd0a48e1-b449-437c-a7c8-2305c9057d3e
[I 2021-06-23 22:07:00.590 ServerApp] Restoring connection for 3458334c-329e-480b-93e1-a5b969a107d6:73c9da46-b883-4f73-b492-d8c1fc934d74
[I 2021-06-23 22:07:00.611 ServerApp] Restoring connection for ce33f961-c035-4704-9df8-98c8df9a0383:ddbb4e23-b77c-4538-acd0-67faa16affc9
[I 2021-06-23 23:31:49.749 ServerApp] Starting buffering for 3458334c-329e-480b-93e1-a5b969a107d6:73c9da46-b883-4f73-b492-d8c1fc934d74
[I 2021-06-23 23:31:49.755 ServerApp] Starting buffering for c8bf82ce-3127-4515-805b-3fcffae886ab:fd0a48e1-b449-437c-a7c8-2305c9057d3e
[I 2021-06-23 23:31:49.758 ServerApp] Starting buffering for a067f91f-1903-4267-9b7b-35b4452e983b:0f439926-5176-4013-92be-e2d3ab4e8423
[I 2021-06-23 23:31:49.760 ServerApp] Starting buffering for ce33f961-c035-4704-9df8-98c8df9a0383:ddbb4e23-b77c-4538-acd0-67faa16affc9
[I 2021-06-23 23:31:49.766 ServerApp] Starting buffering for e7f4c01e-4daf-4507-9565-d64e6dc91f5d:15d54581-6120-4f52-bea3-217a46539bf0
[I 2021-06-23 23:31:49.769 ServerApp] Starting buffering for adefdd72-30a2-46e0-aee3-260e0f427a37:047c3c58-c7b5-4923-97c8-e36cd908b6a6
[I 2021-06-23 23:31:49.774 ServerApp] Starting buffering for 546ceb0d-e6fb-4210-b644-a61482aadba6:73431a1d-11b7-486e-9957-0491bfac0c5a
[I 2021-06-23 23:31:49.776 ServerApp] Starting buffering for b4fd19e4-23c1-4d18-8d21-9f403c43e90c:85936f82-5370-4733-b6eb-1ec771c00c5c
[I 2021-06-23 23:31:49.778 ServerApp] Starting buffering for 4d47d989-1f05-41c2-bd57-125562106911:dee490dd-7a9a-4b73-8b57-3cebc3ce357a
[I 2021-06-23 23:31:49.780 ServerApp] Starting buffering for 6af4cd33-f9f6-4b07-9f93-a0f5ac90779b:4505d096-9057-4586-80f5-27de09146b07
[I 2021-06-23 23:31:49.785 ServerApp] Restoring connection for ce33f961-c035-4704-9df8-98c8df9a0383:ddbb4e23-b77c-4538-acd0-67faa16affc9
[I 2021-06-23 23:31:49.808 ServerApp] Restoring connection for 3458334c-329e-480b-93e1-a5b969a107d6:73c9da46-b883-4f73-b492-d8c1fc934d74
[I 2021-06-23 23:31:49.829 ServerApp] Restoring connection for c8bf82ce-3127-4515-805b-3fcffae886ab:fd0a48e1-b449-437c-a7c8-2305c9057d3e
[I 2021-06-23 23:31:49.861 ServerApp] Restoring connection for a067f91f-1903-4267-9b7b-35b4452e983b:0f439926-5176-4013-92be-e2d3ab4e8423
[I 2021-06-23 23:31:49.887 ServerApp] Restoring connection for adefdd72-30a2-46e0-aee3-260e0f427a37:047c3c58-c7b5-4923-97c8-e36cd908b6a6
[I 2021-06-23 23:31:49.921 ServerApp] Restoring connection for e7f4c01e-4daf-4507-9565-d64e6dc91f5d:15d54581-6120-4f52-bea3-217a46539bf0
[I 2021-06-23 23:31:49.954 ServerApp] Restoring connection for b4fd19e4-23c1-4d18-8d21-9f403c43e90c:85936f82-5370-4733-b6eb-1ec771c00c5c
[I 2021-06-23 23:31:49.994 ServerApp] Restoring connection for 6af4cd33-f9f6-4b07-9f93-a0f5ac90779b:4505d096-9057-4586-80f5-27de09146b07
[I 2021-06-23 23:31:50.030 ServerApp] Restoring connection for 546ceb0d-e6fb-4210-b644-a61482aadba6:73431a1d-11b7-486e-9957-0491bfac0c5a
[I 2021-06-24 16:04:40.944 ServerApp] Starting buffering for 546ceb0d-e6fb-4210-b644-a61482aadba6:73431a1d-11b7-486e-9957-0491bfac0c5a
[I 2021-06-24 16:04:40.968 ServerApp] Starting buffering for 4d47d989-1f05-41c2-bd57-125562106911:c1c0873f-a5cf-492b-a068-0574e526f7ca
[I 2021-06-24 16:04:40.972 ServerApp] Starting buffering for 6af4cd33-f9f6-4b07-9f93-a0f5ac90779b:4505d096-9057-4586-80f5-27de09146b07
[I 2021-06-24 16:04:40.979 ServerApp] Starting buffering for b4fd19e4-23c1-4d18-8d21-9f403c43e90c:85936f82-5370-4733-b6eb-1ec771c00c5c
[I 2021-06-24 16:04:40.985 ServerApp] Starting buffering for e7f4c01e-4daf-4507-9565-d64e6dc91f5d:15d54581-6120-4f52-bea3-217a46539bf0
[I 2021-06-24 16:04:40.989 ServerApp] Starting buffering for a067f91f-1903-4267-9b7b-35b4452e983b:0f439926-5176-4013-92be-e2d3ab4e8423
[I 2021-06-24 16:04:40.993 ServerApp] Starting buffering for adefdd72-30a2-46e0-aee3-260e0f427a37:047c3c58-c7b5-4923-97c8-e36cd908b6a6
[I 2021-06-24 16:04:41.001 ServerApp] Starting buffering for c8bf82ce-3127-4515-805b-3fcffae886ab:fd0a48e1-b449-437c-a7c8-2305c9057d3e
[I 2021-06-24 16:04:41.010 ServerApp] Starting buffering for 3458334c-329e-480b-93e1-a5b969a107d6:73c9da46-b883-4f73-b492-d8c1fc934d74
[I 2021-06-24 16:04:41.013 ServerApp] Starting buffering for ce33f961-c035-4704-9df8-98c8df9a0383:ddbb4e23-b77c-4538-acd0-67faa16affc9
[I 2021-06-30 22:42:19.077 ServerApp] jupyterlab | extension was successfully linked.
[I 2021-06-30 22:42:19.273 ServerApp] nbclassic | extension was successfully linked.
[I 2021-06-30 22:42:19.335 ServerApp] nbclassic | extension was successfully loaded.
[I 2021-06-30 22:42:19.339 LabApp] JupyterLab extension loaded from /opt/conda/lib/python3.8/site-packages/jupyterlab
[I 2021-06-30 22:42:19.340 LabApp] JupyterLab application directory is /opt/conda/share/jupyter/lab
[I 2021-06-30 22:42:19.345 ServerApp] jupyterlab | extension was successfully loaded.
[I 2021-06-30 22:42:19.346 ServerApp] Serving notebooks from local directory: /root/mycode/samplecodes/src_pytorch
[I 2021-06-30 22:42:19.347 ServerApp] Jupyter Server 1.8.0 is running at:
[I 2021-06-30 22:42:19.347 ServerApp] http://d93f41573409:18201/lab?token=678b183c6954789cd427aa80e49de6825dfa98118b1f9f71
[I 2021-06-30 22:42:19.348 ServerApp]     http://127.0.0.1:18201/lab?token=678b183c6954789cd427aa80e49de6825dfa98118b1f9f71
[I 2021-06-30 22:42:19.348 ServerApp] Use Control-C to stop this server and shut down all kernels (twice to skip confirmation).
[W 2021-06-30 22:42:19.352 ServerApp] No web browser found: could not locate runnable browser.
[C 2021-06-30 22:42:19.353 ServerApp] 
    
    To access the server, open this file in a browser:
        file:///root/.local/share/jupyter/runtime/jpserver-43-open.html
    Or copy and paste one of these URLs:
        http://d93f41573409:18201/lab?token=678b183c6954789cd427aa80e49de6825dfa98118b1f9f71
        http://127.0.0.1:18201/lab?token=678b183c6954789cd427aa80e49de6825dfa98118b1f9f71
[I 2021-06-30 22:42:37.549 ServerApp] 302 GET /?token=678b183c6954789cd427aa80e49de6825dfa98118b1f9f71 (172.17.0.1) 1.63ms
[W 2021-06-30 22:42:40.509 LabApp] Could not determine jupyterlab build status without nodejs
[W 2021-06-30 22:43:24.622 ServerApp] Notebook Untitled.ipynb is not trusted
[I 2021-06-30 22:43:25.564 ServerApp] Kernel started: a086ee0d-567e-42db-95c5-2cf255911816
[I 2021-06-30 23:55:05.756 ServerApp] Starting buffering for a086ee0d-567e-42db-95c5-2cf255911816:6f8b86a5-9feb-47fa-9306-438c2485d95c
[I 2021-07-01 12:07:40.144 ServerApp] Starting buffering for a086ee0d-567e-42db-95c5-2cf255911816:230a239c-21f2-4063-948f-0aa71a44ca38
[I 2021-07-01 14:42:58.909 ServerApp] Starting buffering for a086ee0d-567e-42db-95c5-2cf255911816:6f8b86a5-9feb-47fa-9306-438c2485d95c
[C 2021-07-01 14:58:44.998 ServerApp] received signal 15, stopping
[I 2021-07-01 14:58:45.038 ServerApp] Shutting down 1 kernel
